Jun  4 06:45:08 ftpserv CRON[27062]: pam_unix(cron:session): session closed for user root
Jun  4 06:47:01 ftpserv CRON[27538]: pam_unix(cron:session): session opened for user root by (uid=0)
Jun  4 06:47:04 ftpserv CRON[27538]: pam_unix(cron:session): session closed for user root
Jun  4 07:09:01 ftpserv CRON[27859]: pam_unix(cron:session): session opened for user root by (uid=0)
Jun  4 07:09:01 ftpserv CRON[27859]: pam_unix(cron:session): session closed for user root
Jun  4 07:17:01 ftpserv CRON[27969]: pam_unix(cron:session): session opened for user root by (uid=0)
Jun  4 07:17:01 ftpserv CRON[27969]: pam_unix(cron:session): session closed for user root
Jun  4 07:39:01 ftpserv CRON[28243]: pam_unix(cron:session): session opened for user root by (uid=0)
Jun  4 07:39:01 ftpserv CRON[28243]: pam_unix(cron:session): session closed for user root
Jun  4 08:09:01 ftpserv CRON[28631]: pam_unix(cron:session): session opened for user root by (uid=0)
Jun  4 08:09:01 ftpserv CRON[28631]: pam_unix(cron:session): session closed for user root
Jun  4 08:17:01 ftpserv CRON[28740]: pam_unix(cron:session): session opened for user root by (uid=0)
Jun  4 08:17:01 ftpserv CRON[28740]: pam_unix(cron:session): session closed for user root
Jun  4 08:39:01 ftpserv CRON[29010]: pam_unix(cron:session): session opened for user root by (uid=0)
Jun  4 08:39:01 ftpserv CRON[29010]: pam_unix(cron:session): session closed for user root
Jun  4 09:09:01 ftpserv CRON[29397]: pam_unix(cron:session): session opened for user root by (uid=0)
Jun  4 09:09:01 ftpserv CRON[29397]: pam_unix(cron:session): session closed for user root
Jun  4 09:17:01 ftpserv CRON[29506]: pam_unix(cron:session): session opened for user root by (uid=0)
Jun  4 09:17:01 ftpserv CRON[29506]: pam_unix(cron:session): session closed for user root
Jun  4 09:39:01 ftpserv CRON[29776]: pam_unix(cron:session): session opened for user root by (uid=0)
Jun  4 09:39:02 ftpserv CRON[29776]: pam_unix(cron:session): session closed for user root
Jun  4 10:09:01 ftpserv CRON[30175]: pam_unix(cron:session): session opened for user root by (uid=0)
Jun  4 10:09:01 ftpserv CRON[30175]: pam_unix(cron:session): session closed for user root
Jun  4 10:17:01 ftpserv CRON[30286]: pam_unix(cron:session): session opened for user root by (uid=0)
Jun  4 10:17:01 ftpserv CRON[30286]: pam_unix(cron:session): session closed for user root
Jun  4 10:39:01 ftpserv CRON[30562]: pam_unix(cron:session): session opened for user root by (uid=0)
Jun  4 10:39:01 ftpserv CRON[30562]: pam_unix(cron:session): session closed for user root
Jun  4 11:09:01 ftpserv CRON[30945]: pam_unix(cron:session): session opened for user root by (uid=0)
Jun  4 11:09:01 ftpserv CRON[30945]: pam_unix(cron:session): session closed for user root
Jun  4 11:17:01 ftpserv CRON[31057]: pam_unix(cron:session): session opened for user root by (uid=0)
Jun  4 11:17:01 ftpserv CRON[31057]: pam_unix(cron:session): session closed for user root
Jun  4 11:39:01 ftpserv CRON[31328]: pam_unix(cron:session): session opened for user root by (uid=0)
Jun  4 11:39:01 ftpserv CRON[31328]: pam_unix(cron:session): session closed for user root
Jun  4 12:09:01 ftpserv CRON[31717]: pam_unix(cron:session): session opened for user root by (uid=0)
Jun  4 12:09:01 ftpserv CRON[31717]: pam_unix(cron:session): session closed for user root
Jun  4 12:17:01 ftpserv CRON[31822]: pam_unix(cron:session): session opened for user root by (uid=0)
Jun  4 12:17:01 ftpserv CRON[31822]: pam_unix(cron:session): session closed for user root
Jun  4 12:39:01 ftpserv CRON[32093]: pam_unix(cron:session): session opened for user root by (uid=0)
Jun  4 12:39:01 ftpserv CRON[32093]: pam_unix(cron:session): session closed for user root
Jun  4 13:09:01 ftpserv CRON[32475]: pam_unix(cron:session): session opened for user root by (uid=0)
Jun  4 13:09:02 ftpserv CRON[32475]: pam_unix(cron:session): session closed for user root
Jun  4 13:17:01 ftpserv CRON[32584]: pam_unix(cron:session): session opened for user root by (uid=0)
Jun  4 13:17:01 ftpserv CRON[32584]: pam_unix(cron:session): session closed for user root
Jun  4 13:39:01 ftpserv CRON[389]: pam_unix(cron:session): session opened for user root by (uid=0)
Jun  4 13:39:01 ftpserv CRON[389]: pam_unix(cron:session): session closed for user root
Jun  4 14:09:01 ftpserv CRON[795]: pam_unix(cron:session): session opened for user root by (uid=0)
Jun  4 14:09:01 ftpserv CRON[795]: pam_unix(cron:session): session closed for user root
Jun  4 14:17:01 ftpserv CRON[914]: pam_unix(cron:session): session opened for user root by (uid=0)
Jun  4 14:17:01 ftpserv CRON[914]: pam_unix(cron:session): session closed for user root
Jun  4 14:39:01 ftpserv CRON[1216]: pam_unix(cron:session): session opened for user root by (uid=0)
Jun  4 14:39:01 ftpserv CRON[1216]: pam_unix(cron:session): session closed for user root
Jun  4 15:09:01 ftpserv CRON[1609]: pam_unix(cron:session): session opened for user root by (uid=0)
Jun  4 15:09:01 ftpserv CRON[1609]: pam_unix(cron:session): session closed for user root
Jun  4 15:17:01 ftpserv CRON[1719]: pam_unix(cron:session): session opened for user root by (uid=0)
Jun  4 15:17:01 ftpserv CRON[1719]: pam_unix(cron:session): session closed for user root
Jun  4 15:39:01 ftpserv CRON[1994]: pam_unix(cron:session): session opened for user root by (uid=0)
Jun  4 15:39:01 ftpserv CRON[1994]: pam_unix(cron:session): session closed for user root
Jun  4 16:09:01 ftpserv CRON[2389]: pam_unix(cron:session): session opened for user root by (uid=0)
Jun  4 16:09:01 ftpserv CRON[2389]: pam_unix(cron:session): session closed for user root
Jun  4 16:17:01 ftpserv CRON[2502]: pam_unix(cron:session): session opened for user root by (uid=0)
Jun  4 16:17:01 ftpserv CRON[2502]: pam_unix(cron:session): session closed for user root
Jun  4 16:39:01 ftpserv CRON[2777]: pam_unix(cron:session): session opened for user root by (uid=0)
Jun  4 16:39:01 ftpserv CRON[2777]: pam_unix(cron:session): session closed for user root
Jun  4 17:09:01 ftpserv CRON[3166]: pam_unix(cron:session): session opened for user root by (uid=0)
Jun  4 17:09:01 ftpserv CRON[3166]: pam_unix(cron:session): session closed for user root
Jun  4 17:17:01 ftpserv CRON[3276]: pam_unix(cron:session): session opened for user root by (uid=0)
Jun  4 17:17:01 ftpserv CRON[3276]: pam_unix(cron:session): session closed for user root
Jun  4 17:39:01 ftpserv CRON[3552]: pam_unix(cron:session): session opened for user root by (uid=0)
Jun  4 17:39:01 ftpserv CRON[3552]: pam_unix(cron:session): session closed for user root
Jun  4 18:09:01 ftpserv CRON[3951]: pam_unix(cron:session): session opened for user root by (uid=0)
Jun  4 18:09:01 ftpserv CRON[3951]: pam_unix(cron:session): session closed for user root
Jun  4 18:17:01 ftpserv CRON[4059]: pam_unix(cron:session): session opened for user root by (uid=0)
Jun  4 18:17:01 ftpserv CRON[4059]: pam_unix(cron:session): session closed for user root
Jun  4 18:39:01 ftpserv CRON[4329]: pam_unix(cron:session): session opened for user root by (uid=0)
Jun  4 18:39:01 ftpserv CRON[4329]: pam_unix(cron:session): session closed for user root
Jun  4 19:09:01 ftpserv CRON[4714]: pam_unix(cron:session): session opened for user root by (uid=0)
Jun  4 19:09:01 ftpserv CRON[4714]: pam_unix(cron:session): session closed for user root
Jun  4 19:17:01 ftpserv CRON[4832]: pam_unix(cron:session): session opened for user root by (uid=0)
Jun  4 19:17:01 ftpserv CRON[4832]: pam_unix(cron:session): session closed for user root
Jun  4 19:39:01 ftpserv CRON[5112]: pam_unix(cron:session): session opened for user root by (uid=0)
Jun  4 19:39:02 ftpserv CRON[5112]: pam_unix(cron:session): session closed for user root
Jun  4 20:09:01 ftpserv CRON[5555]: pam_unix(cron:session): session opened for user root by (uid=0)
Jun  4 20:09:01 ftpserv CRON[5555]: pam_unix(cron:session): session closed for user root
Jun  4 20:17:01 ftpserv CRON[5698]: pam_unix(cron:session): session opened for user root by (uid=0)
Jun  4 20:17:01 ftpserv CRON[5698]: pam_unix(cron:session): session closed for user root
Jun  4 20:39:01 ftpserv CRON[5969]: pam_unix(cron:session): session opened for user root by (uid=0)
Jun  4 20:39:01 ftpserv CRON[5969]: pam_unix(cron:session): session closed for user root
Jun  4 21:09:01 ftpserv CRON[6523]: pam_unix(cron:session): session opened for user root by (uid=0)
Jun  4 21:09:01 ftpserv CRON[6523]: pam_unix(cron:session): session closed for user root
Jun  4 21:17:01 ftpserv CRON[6685]: pam_unix(cron:session): session opened for user root by (uid=0)
Jun  4 21:17:01 ftpserv CRON[6685]: pam_unix(cron:session): session closed for user root
Jun  4 21:39:01 ftpserv CRON[6962]: pam_unix(cron:session): session opened for user root by (uid=0)
Jun  4 21:39:01 ftpserv CRON[6962]: pam_unix(cron:session): session closed for user root
Jun  4 22:09:01 ftpserv CRON[7352]: pam_unix(cron:session): session opened for user root by (uid=0)
Jun  4 22:09:01 ftpserv CRON[7352]: pam_unix(cron:session): session closed for user root
Jun  4 22:17:01 ftpserv CRON[7460]: pam_unix(cron:session): session opened for user root by (uid=0)
Jun  4 22:17:01 ftpserv CRON[7460]: pam_unix(cron:session): session closed for user root
Jun  4 22:39:01 ftpserv CRON[7728]: pam_unix(cron:session): session opened for user root by (uid=0)
Jun  4 22:39:01 ftpserv CRON[7728]: pam_unix(cron:session): session closed for user root
Jun  4 23:09:01 ftpserv CRON[8103]: pam_unix(cron:session): session opened for user root by (uid=0)
Jun  4 23:09:02 ftpserv CRON[8103]: pam_unix(cron:session): session closed for user root
Jun  4 23:17:01 ftpserv CRON[8206]: pam_unix(cron:session): session opened for user root by (uid=0)
Jun  4 23:17:01 ftpserv CRON[8206]: pam_unix(cron:session): session closed for user root
Jun  4 23:39:01 ftpserv CRON[8473]: pam_unix(cron:session): session opened for user root by (uid=0)
Jun  4 23:39:01 ftpserv CRON[8473]: pam_unix(cron:session): session closed for user root
Jun  5 00:09:01 ftpserv CRON[8857]: pam_unix(cron:session): session opened for user root by (uid=0)
Jun  5 00:09:01 ftpserv CRON[8857]: pam_unix(cron:session): session closed for user root
Jun  5 00:17:01 ftpserv CRON[8965]: pam_unix(cron:session): session opened for user root by (uid=0)
Jun  5 00:17:01 ftpserv CRON[8965]: pam_unix(cron:session): session closed for user root
Jun  5 00:39:01 ftpserv CRON[9242]: pam_unix(cron:session): session opened for user root by (uid=0)
Jun  5 00:39:01 ftpserv CRON[9242]: pam_unix(cron:session): session closed for user root
Jun  5 01:09:01 ftpserv CRON[9639]: pam_unix(cron:session): session opened for user root by (uid=0)
Jun  5 01:09:01 ftpserv CRON[9639]: pam_unix(cron:session): session closed for user root
Jun  5 01:17:01 ftpserv CRON[9751]: pam_unix(cron:session): session opened for user root by (uid=0)
Jun  5 01:17:01 ftpserv CRON[9751]: pam_unix(cron:session): session closed for user root
Jun  5 01:39:01 ftpserv CRON[10026]: pam_unix(cron:session): session opened for user root by (uid=0)
Jun  5 01:39:01 ftpserv CRON[10026]: pam_unix(cron:session): session closed for user root
Jun  5 02:09:01 ftpserv CRON[10416]: pam_unix(cron:session): session opened for user root by (uid=0)
Jun  5 02:09:01 ftpserv CRON[10416]: pam_unix(cron:session): session closed for user root
Jun  5 02:17:01 ftpserv CRON[10526]: pam_unix(cron:session): session opened for user root by (uid=0)
Jun  5 02:17:01 ftpserv CRON[10526]: pam_unix(cron:session): session closed for user root
Jun  5 02:39:01 ftpserv CRON[10806]: pam_unix(cron:session): session opened for user root by (uid=0)
Jun  5 02:39:02 ftpserv CRON[10806]: pam_unix(cron:session): session closed for user root
Jun  5 03:09:01 ftpserv CRON[11203]: pam_unix(cron:session): session opened for user root by (uid=0)
Jun  5 03:09:01 ftpserv CRON[11203]: pam_unix(cron:session): session closed for user root
Jun  5 03:17:01 ftpserv CRON[11314]: pam_unix(cron:session): session opened for user root by (uid=0)
Jun  5 03:17:01 ftpserv CRON[11314]: pam_unix(cron:session): session closed for user root
Jun  5 03:39:01 ftpserv CRON[11591]: pam_unix(cron:session): session opened for user root by (uid=0)
Jun  5 03:39:01 ftpserv CRON[11591]: pam_unix(cron:session): session closed for user root
Jun  5 04:09:01 ftpserv CRON[11980]: pam_unix(cron:session): session opened for user root by (uid=0)
Jun  5 04:09:01 ftpserv CRON[11980]: pam_unix(cron:session): session closed for user root
Jun  5 04:17:01 ftpserv CRON[12087]: pam_unix(cron:session): session opened for user root by (uid=0)
Jun  5 04:17:01 ftpserv CRON[12087]: pam_unix(cron:session): session closed for user root
Jun  5 04:39:01 ftpserv CRON[12357]: pam_unix(cron:session): session opened for user root by (uid=0)
Jun  5 04:39:01 ftpserv CRON[12357]: pam_unix(cron:session): session closed for user root
Jun  5 05:09:01 ftpserv CRON[12742]: pam_unix(cron:session): session opened for user root by (uid=0)
Jun  5 05:09:01 ftpserv CRON[12742]: pam_unix(cron:session): session closed for user root
Jun  5 05:17:01 ftpserv CRON[12850]: pam_unix(cron:session): session opened for user root by (uid=0)
Jun  5 05:17:01 ftpserv CRON[12850]: pam_unix(cron:session): session closed for user root
Jun  5 05:39:01 ftpserv CRON[13122]: pam_unix(cron:session): session opened for user root by (uid=0)
Jun  5 05:39:02 ftpserv CRON[13122]: pam_unix(cron:session): session closed for user root
Jun  5 06:09:01 ftpserv CRON[13514]: pam_unix(cron:session): session opened for user root by (uid=0)
Jun  5 06:09:01 ftpserv CRON[13514]: pam_unix(cron:session): session closed for user root
Jun  5 06:17:01 ftpserv CRON[13625]: pam_unix(cron:session): session opened for user root by (uid=0)
Jun  5 06:17:01 ftpserv CRON[13625]: pam_unix(cron:session): session closed for user root
Jun  5 06:25:01 ftpserv CRON[13726]: pam_unix(cron:session): session opened for user root by (uid=0)
Jun  5 06:38:35 ftpserv CRON[13726]: pam_unix(cron:session): session closed for user root
Jun  5 06:39:01 ftpserv CRON[14039]: pam_unix(cron:session): session opened for user root by (uid=0)
Jun  5 06:39:01 ftpserv CRON[14039]: pam_unix(cron:session): session closed for user root
Jun  5 07:09:01 ftpserv CRON[14429]: pam_unix(cron:session): session opened for user root by (uid=0)
Jun  5 07:09:01 ftpserv CRON[14429]: pam_unix(cron:session): session closed for user root
Jun  5 07:17:01 ftpserv CRON[14540]: pam_unix(cron:session): session opened for user root by (uid=0)
Jun  5 07:17:01 ftpserv CRON[14540]: pam_unix(cron:session): session closed for user root
Jun  5 07:39:01 ftpserv CRON[14818]: pam_unix(cron:session): session opened for user root by (uid=0)
Jun  5 07:39:01 ftpserv CRON[14818]: pam_unix(cron:session): session closed for user root
Jun  5 08:09:01 ftpserv CRON[15206]: pam_unix(cron:session): session opened for user root by (uid=0)
Jun  5 08:09:01 ftpserv CRON[15206]: pam_unix(cron:session): session closed for user root
Jun  5 08:17:01 ftpserv CRON[15318]: pam_unix(cron:session): session opened for user root by (uid=0)
Jun  5 08:17:01 ftpserv CRON[15318]: pam_unix(cron:session): session closed for user root
Jun  5 08:39:01 ftpserv CRON[15593]: pam_unix(cron:session): session opened for user root by (uid=0)
Jun  5 08:39:02 ftpserv CRON[15593]: pam_unix(cron:session): session closed for user root
Jun  5 09:09:01 ftpserv CRON[15979]: pam_unix(cron:session): session opened for user root by (uid=0)
Jun  5 09:09:01 ftpserv CRON[15979]: pam_unix(cron:session): session closed for user root
Jun  5 09:17:01 ftpserv CRON[16090]: pam_unix(cron:session): session opened for user root by (uid=0)
Jun  5 09:17:01 ftpserv CRON[16090]: pam_unix(cron:session): session closed for user root
Jun  5 09:39:01 ftpserv CRON[16373]: pam_unix(cron:session): session opened for user root by (uid=0)
Jun  5 09:39:01 ftpserv CRON[16373]: pam_unix(cron:session): session closed for user root
Jun  5 10:09:01 ftpserv CRON[16761]: pam_unix(cron:session): session opened for user root by (uid=0)
Jun  5 10:09:01 ftpserv CRON[16761]: pam_unix(cron:session): session closed for user root
Jun  5 10:17:01 ftpserv CRON[16881]: pam_unix(cron:session): session opened for user root by (uid=0)
Jun  5 10:17:01 ftpserv CRON[16881]: pam_unix(cron:session): session closed for user root
Jun  5 10:39:01 ftpserv CRON[17152]: pam_unix(cron:session): session opened for user root by (uid=0)
Jun  5 10:39:01 ftpserv CRON[17152]: pam_unix(cron:session): session closed for user root
Jun  5 11:09:01 ftpserv CRON[17537]: pam_unix(cron:session): session opened for user root by (uid=0)
Jun  5 11:09:01 ftpserv CRON[17537]: pam_unix(cron:session): session closed for user root
Jun  5 11:17:01 ftpserv CRON[17648]: pam_unix(cron:session): session opened for user root by (uid=0)
Jun  5 11:17:01 ftpserv CRON[17648]: pam_unix(cron:session): session closed for user root
Jun  5 11:39:01 ftpserv CRON[17900]: pam_unix(cron:session): session opened for user root by (uid=0)
Jun  5 11:39:01 ftpserv CRON[17900]: pam_unix(cron:session): session closed for user root
Jun  5 12:09:01 ftpserv CRON[18296]: pam_unix(cron:session): session opened for user root by (uid=0)
Jun  5 12:09:02 ftpserv CRON[18296]: pam_unix(cron:session): session closed for user root
Jun  5 12:17:01 ftpserv CRON[18405]: pam_unix(cron:session): session opened for user root by (uid=0)
Jun  5 12:17:01 ftpserv CRON[18405]: pam_unix(cron:session): session closed for user root
Jun  5 12:39:01 ftpserv CRON[18655]: pam_unix(cron:session): session opened for user root by (uid=0)
Jun  5 12:39:01 ftpserv CRON[18655]: pam_unix(cron:session): session closed for user root
Jun  5 13:09:01 ftpserv CRON[19028]: pam_unix(cron:session): session opened for user root by (uid=0)
Jun  5 13:09:01 ftpserv CRON[19028]: pam_unix(cron:session): session closed for user root
Jun  5 13:17:01 ftpserv CRON[19135]: pam_unix(cron:session): session opened for user root by (uid=0)
Jun  5 13:17:01 ftpserv CRON[19135]: pam_unix(cron:session): session closed for user root
Jun  5 13:39:01 ftpserv CRON[19399]: pam_unix(cron:session): session opened for user root by (uid=0)
Jun  5 13:39:01 ftpserv CRON[19399]: pam_unix(cron:session): session closed for user root
Jun  5 14:09:01 ftpserv CRON[19766]: pam_unix(cron:session): session opened for user root by (uid=0)
Jun  5 14:09:01 ftpserv CRON[19766]: pam_unix(cron:session): session closed for user root
Jun  5 14:17:01 ftpserv CRON[19870]: pam_unix(cron:session): session opened for user root by (uid=0)
Jun  5 14:17:01 ftpserv CRON[19870]: pam_unix(cron:session): session closed for user root
Jun  5 14:39:01 ftpserv CRON[20131]: pam_unix(cron:session): session opened for user root by (uid=0)
Jun  5 14:39:01 ftpserv CRON[20131]: pam_unix(cron:session): session closed for user root
Jun  5 15:09:01 ftpserv CRON[20499]: pam_unix(cron:session): session opened for user root by (uid=0)
Jun  5 15:09:02 ftpserv CRON[20499]: pam_unix(cron:session): session closed for user root
Jun  5 15:17:01 ftpserv CRON[20606]: pam_unix(cron:session): session opened for user root by (uid=0)
Jun  5 15:17:01 ftpserv CRON[20606]: pam_unix(cron:session): session closed for user root
Jun  5 15:39:01 ftpserv CRON[20876]: pam_unix(cron:session): session opened for user root by (uid=0)
Jun  5 15:39:01 ftpserv CRON[20876]: pam_unix(cron:session): session closed for user root
Jun  5 16:09:01 ftpserv CRON[21257]: pam_unix(cron:session): session opened for user root by (uid=0)
Jun  5 16:09:01 ftpserv CRON[21257]: pam_unix(cron:session): session closed for user root
Jun  5 16:17:01 ftpserv CRON[21361]: pam_unix(cron:session): session opened for user root by (uid=0)
Jun  5 16:17:01 ftpserv CRON[21361]: pam_unix(cron:session): session closed for user root
Jun  5 16:39:01 ftpserv CRON[21622]: pam_unix(cron:session): session opened for user root by (uid=0)
Jun  5 16:39:01 ftpserv CRON[21622]: pam_unix(cron:session): session closed for user root
Jun  5 17:09:01 ftpserv CRON[22017]: pam_unix(cron:session): session opened for user root by (uid=0)
Jun  5 17:09:01 ftpserv CRON[22017]: pam_unix(cron:session): session closed for user root
Jun  5 17:12:20 ftpserv vsftpd: pam_unix(vsftpd:auth): authentication failure; logname= uid=0 euid=0 tty=ftp ruser=www-data rhost=103.193.111.54  user=www-data
Jun  5 17:17:01 ftpserv CRON[22129]: pam_unix(cron:session): session opened for user root by (uid=0)
Jun  5 17:17:01 ftpserv CRON[22129]: pam_unix(cron:session): session closed for user root
Jun  5 17:39:01 ftpserv CRON[22389]: pam_unix(cron:session): session opened for user root by (uid=0)
Jun  5 17:39:01 ftpserv CRON[22389]: pam_unix(cron:session): session closed for user root
Jun  5 18:09:01 ftpserv CRON[22758]: pam_unix(cron:session): session opened for user root by (uid=0)
Jun  5 18:09:01 ftpserv CRON[22758]: pam_unix(cron:session): session closed for user root
Jun  5 18:17:01 ftpserv CRON[22870]: pam_unix(cron:session): session opened for user root by (uid=0)
Jun  5 18:17:01 ftpserv CRON[22870]: pam_unix(cron:session): session closed for user root
Jun  5 18:39:01 ftpserv CRON[23144]: pam_unix(cron:session): session opened for user root by (uid=0)
Jun  5 18:39:02 ftpserv CRON[23144]: pam_unix(cron:session): session closed for user root
Jun  5 19:09:01 ftpserv CRON[23539]: pam_unix(cron:session): session opened for user root by (uid=0)
Jun  5 19:09:01 ftpserv CRON[23539]: pam_unix(cron:session): session closed for user root
Jun  5 19:17:01 ftpserv CRON[23655]: pam_unix(cron:session): session opened for user root by (uid=0)
Jun  5 19:17:01 ftpserv CRON[23655]: pam_unix(cron:session): session closed for user root
Jun  5 19:39:01 ftpserv CRON[23922]: pam_unix(cron:session): session opened for user root by (uid=0)
Jun  5 19:39:01 ftpserv CRON[23922]: pam_unix(cron:session): session closed for user root
Jun  5 20:09:01 ftpserv CRON[24367]: pam_unix(cron:session): session opened for user root by (uid=0)
Jun  5 20:09:01 ftpserv CRON[24367]: pam_unix(cron:session): session closed for user root
Jun  5 20:17:01 ftpserv CRON[24499]: pam_unix(cron:session): session opened for user root by (uid=0)
Jun  5 20:17:01 ftpserv CRON[24499]: pam_unix(cron:session): session closed for user root
Jun  5 20:39:01 ftpserv CRON[24781]: pam_unix(cron:session): session opened for user root by (uid=0)
Jun  5 20:39:01 ftpserv CRON[24781]: pam_unix(cron:session): session closed for user root
Jun  5 21:09:01 ftpserv CRON[25334]: pam_unix(cron:session): session opened for user root by (uid=0)
Jun  5 21:09:01 ftpserv CRON[25334]: pam_unix(cron:session): session closed for user root
Jun  5 21:17:01 ftpserv CRON[25486]: pam_unix(cron:session): session opened for user root by (uid=0)
Jun  5 21:17:01 ftpserv CRON[25486]: pam_unix(cron:session): session closed for user root
Jun  5 21:39:01 ftpserv CRON[25767]: pam_unix(cron:session): session opened for user root by (uid=0)
Jun  5 21:39:02 ftpserv CRON[25767]: pam_unix(cron:session): session closed for user root
Jun  5 22:09:01 ftpserv CRON[26156]: pam_unix(cron:session): session opened for user root by (uid=0)
Jun  5 22:09:01 ftpserv CRON[26156]: pam_unix(cron:session): session closed for user root
Jun  5 22:17:01 ftpserv CRON[26265]: pam_unix(cron:session): session opened for user root by (uid=0)
Jun  5 22:17:01 ftpserv CRON[26265]: pam_unix(cron:session): session closed for user root
Jun  5 22:39:01 ftpserv CRON[26539]: pam_unix(cron:session): session opened for user root by (uid=0)
Jun  5 22:39:01 ftpserv CRON[26539]: pam_unix(cron:session): session closed for user root
Jun  5 23:09:01 ftpserv CRON[26933]: pam_unix(cron:session): session opened for user root by (uid=0)
Jun  5 23:09:01 ftpserv CRON[26933]: pam_unix(cron:session): session closed for user root
Jun  5 23:17:01 ftpserv CRON[27045]: pam_unix(cron:session): session opened for user root by (uid=0)
Jun  5 23:17:01 ftpserv CRON[27045]: pam_unix(cron:session): session closed for user root
Jun  5 23:39:01 ftpserv CRON[27320]: pam_unix(cron:session): session opened for user root by (uid=0)
Jun  5 23:39:01 ftpserv CRON[27320]: pam_unix(cron:session): session closed for user root
Jun  6 00:09:01 ftpserv CRON[27711]: pam_unix(cron:session): session opened for user root by (uid=0)
Jun  6 00:09:01 ftpserv CRON[27711]: pam_unix(cron:session): session closed for user root
Jun  6 00:17:01 ftpserv CRON[27817]: pam_unix(cron:session): session opened for user root by (uid=0)
Jun  6 00:17:01 ftpserv CRON[27817]: pam_unix(cron:session): session closed for user root
Jun  6 00:17:03 ftpserv vsftpd: pam_unix(vsftpd:auth): check pass; user unknown
Jun  6 00:17:03 ftpserv vsftpd: pam_unix(vsftpd:auth): authentication failure; logname= uid=0 euid=0 tty=ftp ruser=anonymous rhost=94.23.26.119 
Jun  6 00:39:01 ftpserv CRON[28097]: pam_unix(cron:session): session opened for user root by (uid=0)
Jun  6 00:39:01 ftpserv CRON[28097]: pam_unix(cron:session): session closed for user root
Jun  6 01:09:01 ftpserv CRON[28488]: pam_unix(cron:session): session opened for user root by (uid=0)
Jun  6 01:09:02 ftpserv CRON[28488]: pam_unix(cron:session): session closed for user root
Jun  6 01:17:01 ftpserv CRON[28591]: pam_unix(cron:session): session opened for user root by (uid=0)
Jun  6 01:17:01 ftpserv CRON[28591]: pam_unix(cron:session): session closed for user root
Jun  6 01:39:01 ftpserv CRON[28859]: pam_unix(cron:session): session opened for user root by (uid=0)
Jun  6 01:39:01 ftpserv CRON[28859]: pam_unix(cron:session): session closed for user root
Jun  6 02:09:01 ftpserv CRON[29244]: pam_unix(cron:session): session opened for user root by (uid=0)
Jun  6 02:09:01 ftpserv CRON[29244]: pam_unix(cron:session): session closed for user root
Jun  6 02:17:01 ftpserv CRON[29350]: pam_unix(cron:session): session opened for user root by (uid=0)
Jun  6 02:17:01 ftpserv CRON[29350]: pam_unix(cron:session): session closed for user root
Jun  6 02:39:01 ftpserv CRON[29615]: pam_unix(cron:session): session opened for user root by (uid=0)
Jun  6 02:39:01 ftpserv CRON[29615]: pam_unix(cron:session): session closed for user root
Jun  6 03:09:01 ftpserv CRON[30005]: pam_unix(cron:session): session opened for user root by (uid=0)
Jun  6 03:09:01 ftpserv CRON[30005]: pam_unix(cron:session): session closed for user root
Jun  6 03:17:01 ftpserv CRON[30116]: pam_unix(cron:session): session opened for user root by (uid=0)
Jun  6 03:17:01 ftpserv CRON[30116]: pam_unix(cron:session): session closed for user root
Jun  6 03:39:01 ftpserv CRON[30395]: pam_unix(cron:session): session opened for user root by (uid=0)
Jun  6 03:39:01 ftpserv CRON[30395]: pam_unix(cron:session): session closed for user root
Jun  6 04:09:01 ftpserv CRON[30784]: pam_unix(cron:session): session opened for user root by (uid=0)
Jun  6 04:09:01 ftpserv CRON[30784]: pam_unix(cron:session): session closed for user root
Jun  6 04:17:01 ftpserv CRON[30894]: pam_unix(cron:session): session opened for user root by (uid=0)
Jun  6 04:17:01 ftpserv CRON[30894]: pam_unix(cron:session): session closed for user root
Jun  6 04:39:01 ftpserv CRON[31166]: pam_unix(cron:session): session opened for user root by (uid=0)
Jun  6 04:39:02 ftpserv CRON[31166]: pam_unix(cron:session): session closed for user root
Jun  6 05:09:01 ftpserv CRON[31557]: pam_unix(cron:session): session opened for user root by (uid=0)
Jun  6 05:09:01 ftpserv CRON[31557]: pam_unix(cron:session): session closed for user root
Jun  6 05:17:01 ftpserv CRON[31670]: pam_unix(cron:session): session opened for user root by (uid=0)
Jun  6 05:17:01 ftpserv CRON[31670]: pam_unix(cron:session): session closed for user root
Jun  6 05:39:01 ftpserv CRON[31948]: pam_unix(cron:session): session opened for user root by (uid=0)
Jun  6 05:39:01 ftpserv CRON[31948]: pam_unix(cron:session): session closed for user root
Jun  6 06:09:01 ftpserv CRON[32337]: pam_unix(cron:session): session opened for user root by (uid=0)
Jun  6 06:09:01 ftpserv CRON[32337]: pam_unix(cron:session): session closed for user root
Jun  6 06:17:01 ftpserv CRON[32439]: pam_unix(cron:session): session opened for user root by (uid=0)
Jun  6 06:17:01 ftpserv CRON[32439]: pam_unix(cron:session): session closed for user root
Jun  6 06:25:01 ftpserv CRON[32540]: pam_unix(cron:session): session opened for user root by (uid=0)
Jun  6 06:39:01 ftpserv CRON[32748]: pam_unix(cron:session): session opened for user root by (uid=0)
Jun  6 06:39:01 ftpserv CRON[32748]: pam_unix(cron:session): session closed for user root
Jun  6 06:52:42 ftpserv CRON[32540]: pam_unix(cron:session): session closed for user root
Jun  6 07:09:01 ftpserv CRON[791]: pam_unix(cron:session): session opened for user root by (uid=0)
Jun  6 07:09:01 ftpserv CRON[791]: pam_unix(cron:session): session closed for user root
Jun  6 07:17:01 ftpserv CRON[911]: pam_unix(cron:session): session opened for user root by (uid=0)
Jun  6 07:17:01 ftpserv CRON[911]: pam_unix(cron:session): session closed for user root
Jun  6 07:39:01 ftpserv CRON[1210]: pam_unix(cron:session): session opened for user root by (uid=0)
Jun  6 07:39:01 ftpserv CRON[1210]: pam_unix(cron:session): session closed for user root
Jun  6 08:09:01 ftpserv CRON[1607]: pam_unix(cron:session): session opened for user root by (uid=0)
Jun  6 08:09:02 ftpserv CRON[1607]: pam_unix(cron:session): session closed for user root
Jun  6 08:17:02 ftpserv CRON[1717]: pam_unix(cron:session): session opened for user root by (uid=0)
Jun  6 08:17:02 ftpserv CRON[1717]: pam_unix(cron:session): session closed for user root
Jun  6 08:39:01 ftpserv CRON[1983]: pam_unix(cron:session): session opened for user root by (uid=0)
Jun  6 08:39:01 ftpserv CRON[1983]: pam_unix(cron:session): session closed for user root
Jun  6 09:09:01 ftpserv CRON[2373]: pam_unix(cron:session): session opened for user root by (uid=0)
Jun  6 09:09:01 ftpserv CRON[2373]: pam_unix(cron:session): session closed for user root
Jun  6 09:17:01 ftpserv CRON[2480]: pam_unix(cron:session): session opened for user root by (uid=0)
Jun  6 09:17:01 ftpserv CRON[2480]: pam_unix(cron:session): session closed for user root
Jun  6 09:39:01 ftpserv CRON[2752]: pam_unix(cron:session): session opened for user root by (uid=0)
Jun  6 09:39:01 ftpserv CRON[2752]: pam_unix(cron:session): session closed for user root
Jun  6 10:09:01 ftpserv CRON[3148]: pam_unix(cron:session): session opened for user root by (uid=0)
Jun  6 10:09:01 ftpserv CRON[3148]: pam_unix(cron:session): session closed for user root
Jun  6 10:17:01 ftpserv CRON[3254]: pam_unix(cron:session): session opened for user root by (uid=0)
Jun  6 10:17:01 ftpserv CRON[3254]: pam_unix(cron:session): session closed for user root
Jun  6 10:39:01 ftpserv CRON[3543]: pam_unix(cron:session): session opened for user root by (uid=0)
Jun  6 10:39:01 ftpserv CRON[3543]: pam_unix(cron:session): session closed for user root
Jun  6 11:09:01 ftpserv CRON[3927]: pam_unix(cron:session): session opened for user root by (uid=0)
Jun  6 11:09:01 ftpserv CRON[3927]: pam_unix(cron:session): session closed for user root
Jun  6 11:17:01 ftpserv CRON[4037]: pam_unix(cron:session): session opened for user root by (uid=0)
Jun  6 11:17:01 ftpserv CRON[4037]: pam_unix(cron:session): session closed for user root
Jun  6 11:39:01 ftpserv CRON[4312]: pam_unix(cron:session): session opened for user root by (uid=0)
Jun  6 11:39:02 ftpserv CRON[4312]: pam_unix(cron:session): session closed for user root
Jun  6 12:09:01 ftpserv CRON[4684]: pam_unix(cron:session): session opened for user root by (uid=0)
Jun  6 12:09:01 ftpserv CRON[4684]: pam_unix(cron:session): session closed for user root
Jun  6 12:17:01 ftpserv CRON[4790]: pam_unix(cron:session): session opened for user root by (uid=0)
Jun  6 12:17:01 ftpserv CRON[4790]: pam_unix(cron:session): session closed for user root
Jun  6 12:39:01 ftpserv CRON[5066]: pam_unix(cron:session): session opened for user root by (uid=0)
Jun  6 12:39:01 ftpserv CRON[5066]: pam_unix(cron:session): session closed for user root
Jun  6 13:09:01 ftpserv CRON[5443]: pam_unix(cron:session): session opened for user root by (uid=0)
Jun  6 13:09:01 ftpserv CRON[5443]: pam_unix(cron:session): session closed for user root
Jun  6 13:17:01 ftpserv CRON[5555]: pam_unix(cron:session): session opened for user root by (uid=0)
Jun  6 13:17:01 ftpserv CRON[5555]: pam_unix(cron:session): session closed for user root
Jun  6 13:39:01 ftpserv CRON[5820]: pam_unix(cron:session): session opened for user root by (uid=0)
Jun  6 13:39:01 ftpserv CRON[5820]: pam_unix(cron:session): session closed for user root
Jun  6 14:09:01 ftpserv CRON[6189]: pam_unix(cron:session): session opened for user root by (uid=0)
Jun  6 14:09:01 ftpserv CRON[6189]: pam_unix(cron:session): session closed for user root
Jun  6 14:17:01 ftpserv CRON[6298]: pam_unix(cron:session): session opened for user root by (uid=0)
Jun  6 14:17:01 ftpserv CRON[6298]: pam_unix(cron:session): session closed for user root
Jun  6 14:39:01 ftpserv CRON[6557]: pam_unix(cron:session): session opened for user root by (uid=0)
Jun  6 14:39:01 ftpserv CRON[6557]: pam_unix(cron:session): session closed for user root
Jun  6 15:09:01 ftpserv CRON[6927]: pam_unix(cron:session): session opened for user root by (uid=0)
Jun  6 15:09:02 ftpserv CRON[6927]: pam_unix(cron:session): session closed for user root
Jun  6 15:17:01 ftpserv CRON[7030]: pam_unix(cron:session): session opened for user root by (uid=0)
Jun  6 15:17:01 ftpserv CRON[7030]: pam_unix(cron:session): session closed for user root
Jun  6 15:39:01 ftpserv CRON[7311]: pam_unix(cron:session): session opened for user root by (uid=0)
Jun  6 15:39:01 ftpserv CRON[7311]: pam_unix(cron:session): session closed for user root
Jun  6 16:09:01 ftpserv CRON[7732]: pam_unix(cron:session): session opened for user root by (uid=0)
Jun  6 16:09:01 ftpserv CRON[7732]: pam_unix(cron:session): session closed for user root
Jun  6 16:17:01 ftpserv CRON[7848]: pam_unix(cron:session): session opened for user root by (uid=0)
Jun  6 16:17:01 ftpserv CRON[7848]: pam_unix(cron:session): session closed for user root
Jun  6 16:39:01 ftpserv CRON[8135]: pam_unix(cron:session): session opened for user root by (uid=0)
Jun  6 16:39:01 ftpserv CRON[8135]: pam_unix(cron:session): session closed for user root
Jun  6 17:09:01 ftpserv CRON[8528]: pam_unix(cron:session): session opened for user root by (uid=0)
Jun  6 17:09:01 ftpserv CRON[8528]: pam_unix(cron:session): session closed for user root
Jun  6 17:17:01 ftpserv CRON[8644]: pam_unix(cron:session): session opened for user root by (uid=0)
Jun  6 17:17:01 ftpserv CRON[8644]: pam_unix(cron:session): session closed for user root
Jun  6 17:29:19 ftpserv vsftpd: pam_unix(vsftpd:auth): authentication failure; logname= uid=0 euid=0 tty=ftp ruser=ftp rhost=103.21.59.168  user=ftp
Jun  6 17:29:24 ftpserv vsftpd: pam_unix(vsftpd:auth): check pass; user unknown
Jun  6 17:29:24 ftpserv vsftpd: pam_unix(vsftpd:auth): authentication failure; logname= uid=0 euid=0 tty=ftp ruser=admin rhost=103.21.59.168 
Jun  6 17:29:28 ftpserv vsftpd: pam_unix(vsftpd:auth): check pass; user unknown
Jun  6 17:29:28 ftpserv vsftpd: pam_unix(vsftpd:auth): authentication failure; logname= uid=0 euid=0 tty=ftp ruser=blag.auss rhost=103.21.59.168 
Jun  6 17:29:33 ftpserv vsftpd: pam_unix(vsftpd:auth): check pass; user unknown
Jun  6 17:29:33 ftpserv vsftpd: pam_unix(vsftpd:auth): authentication failure; logname= uid=0 euid=0 tty=ftp ruser=test rhost=103.21.59.168 
Jun  6 17:39:01 ftpserv CRON[8928]: pam_unix(cron:session): session opened for user root by (uid=0)
Jun  6 17:39:01 ftpserv CRON[8928]: pam_unix(cron:session): session closed for user root
Jun  6 18:09:01 ftpserv CRON[9320]: pam_unix(cron:session): session opened for user root by (uid=0)
Jun  6 18:09:02 ftpserv CRON[9320]: pam_unix(cron:session): session closed for user root
Jun  6 18:17:01 ftpserv CRON[9429]: pam_unix(cron:session): session opened for user root by (uid=0)
Jun  6 18:17:01 ftpserv CRON[9429]: pam_unix(cron:session): session closed for user root
Jun  6 18:39:01 ftpserv CRON[9707]: pam_unix(cron:session): session opened for user root by (uid=0)
Jun  6 18:39:01 ftpserv CRON[9707]: pam_unix(cron:session): session closed for user root
Jun  6 19:09:01 ftpserv CRON[10091]: pam_unix(cron:session): session opened for user root by (uid=0)
Jun  6 19:09:01 ftpserv CRON[10091]: pam_unix(cron:session): session closed for user root
Jun  6 19:17:01 ftpserv CRON[10201]: pam_unix(cron:session): session opened for user root by (uid=0)
Jun  6 19:17:01 ftpserv CRON[10201]: pam_unix(cron:session): session closed for user root
Jun  6 19:39:01 ftpserv CRON[10472]: pam_unix(cron:session): session opened for user root by (uid=0)
Jun  6 19:39:01 ftpserv CRON[10472]: pam_unix(cron:session): session closed for user root
Jun  6 20:09:01 ftpserv CRON[10907]: pam_unix(cron:session): session opened for user root by (uid=0)
Jun  6 20:09:01 ftpserv CRON[10907]: pam_unix(cron:session): session closed for user root
Jun  6 20:17:01 ftpserv CRON[11054]: pam_unix(cron:session): session opened for user root by (uid=0)
Jun  6 20:17:01 ftpserv CRON[11054]: pam_unix(cron:session): session closed for user root
Jun  6 20:39:01 ftpserv CRON[11327]: pam_unix(cron:session): session opened for user root by (uid=0)
Jun  6 20:39:01 ftpserv CRON[11327]: pam_unix(cron:session): session closed for user root
Jun  6 20:45:05 ftpserv vsftpd: pam_unix(vsftpd:auth): check pass; user unknown
Jun  6 20:45:05 ftpserv vsftpd: pam_unix(vsftpd:auth): authentication failure; logname= uid=0 euid=0 tty=ftp ruser=anonymous rhost=213.207.208.155 
Jun  6 21:09:01 ftpserv CRON[11851]: pam_unix(cron:session): session opened for user root by (uid=0)
Jun  6 21:09:01 ftpserv CRON[11851]: pam_unix(cron:session): session closed for user root
Jun  6 21:17:01 ftpserv CRON[12051]: pam_unix(cron:session): session opened for user root by (uid=0)
Jun  6 21:17:01 ftpserv CRON[12051]: pam_unix(cron:session): session closed for user root
Jun  6 21:39:01 ftpserv CRON[12346]: pam_unix(cron:session): session opened for user root by (uid=0)
Jun  6 21:39:02 ftpserv CRON[12346]: pam_unix(cron:session): session closed for user root
Jun  6 22:09:01 ftpserv CRON[12738]: pam_unix(cron:session): session opened for user root by (uid=0)
Jun  6 22:09:01 ftpserv CRON[12738]: pam_unix(cron:session): session closed for user root
Jun  6 22:17:01 ftpserv CRON[12848]: pam_unix(cron:session): session opened for user root by (uid=0)
Jun  6 22:17:01 ftpserv CRON[12848]: pam_unix(cron:session): session closed for user root
Jun  6 22:39:01 ftpserv CRON[13123]: pam_unix(cron:session): session opened for user root by (uid=0)
Jun  6 22:39:01 ftpserv CRON[13123]: pam_unix(cron:session): session closed for user root
Jun  6 23:09:01 ftpserv CRON[13512]: pam_unix(cron:session): session opened for user root by (uid=0)
Jun  6 23:09:01 ftpserv CRON[13512]: pam_unix(cron:session): session closed for user root
Jun  6 23:17:01 ftpserv CRON[13616]: pam_unix(cron:session): session opened for user root by (uid=0)
Jun  6 23:17:01 ftpserv CRON[13616]: pam_unix(cron:session): session closed for user root
Jun  6 23:39:01 ftpserv CRON[13891]: pam_unix(cron:session): session opened for user root by (uid=0)
Jun  6 23:39:01 ftpserv CRON[13891]: pam_unix(cron:session): session closed for user root
Jun  7 00:09:01 ftpserv CRON[14279]: pam_unix(cron:session): session opened for user root by (uid=0)
Jun  7 00:09:01 ftpserv CRON[14279]: pam_unix(cron:session): session closed for user root
Jun  7 00:17:01 ftpserv CRON[14388]: pam_unix(cron:session): session opened for user root by (uid=0)
Jun  7 00:17:01 ftpserv CRON[14388]: pam_unix(cron:session): session closed for user root
Jun  7 00:39:01 ftpserv CRON[14653]: pam_unix(cron:session): session opened for user root by (uid=0)
Jun  7 00:39:01 ftpserv CRON[14653]: pam_unix(cron:session): session closed for user root
Jun  7 01:09:01 ftpserv CRON[15034]: pam_unix(cron:session): session opened for user root by (uid=0)
Jun  7 01:09:02 ftpserv CRON[15034]: pam_unix(cron:session): session closed for user root
Jun  7 01:17:01 ftpserv CRON[15143]: pam_unix(cron:session): session opened for user root by (uid=0)
Jun  7 01:17:01 ftpserv CRON[15143]: pam_unix(cron:session): session closed for user root
Jun  7 01:39:01 ftpserv CRON[15423]: pam_unix(cron:session): session opened for user root by (uid=0)
Jun  7 01:39:01 ftpserv CRON[15423]: pam_unix(cron:session): session closed for user root
Jun  7 02:09:01 ftpserv CRON[15822]: pam_unix(cron:session): session opened for user root by (uid=0)
Jun  7 02:09:01 ftpserv CRON[15822]: pam_unix(cron:session): session closed for user root
Jun  7 02:17:01 ftpserv CRON[15934]: pam_unix(cron:session): session opened for user root by (uid=0)
Jun  7 02:17:01 ftpserv CRON[15934]: pam_unix(cron:session): session closed for user root
Jun  7 02:39:01 ftpserv CRON[16213]: pam_unix(cron:session): session opened for user root by (uid=0)
Jun  7 02:39:01 ftpserv CRON[16213]: pam_unix(cron:session): session closed for user root
Jun  7 03:09:01 ftpserv CRON[16598]: pam_unix(cron:session): session opened for user root by (uid=0)
Jun  7 03:09:01 ftpserv CRON[16598]: pam_unix(cron:session): session closed for user root
Jun  7 03:17:01 ftpserv CRON[16711]: pam_unix(cron:session): session opened for user root by (uid=0)
Jun  7 03:17:01 ftpserv CRON[16711]: pam_unix(cron:session): session closed for user root
Jun  7 03:39:01 ftpserv CRON[16987]: pam_unix(cron:session): session opened for user root by (uid=0)
Jun  7 03:39:01 ftpserv CRON[16987]: pam_unix(cron:session): session closed for user root
Jun  7 04:09:01 ftpserv CRON[17379]: pam_unix(cron:session): session opened for user root by (uid=0)
Jun  7 04:09:01 ftpserv CRON[17379]: pam_unix(cron:session): session closed for user root
Jun  7 04:17:01 ftpserv CRON[17489]: pam_unix(cron:session): session opened for user root by (uid=0)
Jun  7 04:17:01 ftpserv CRON[17489]: pam_unix(cron:session): session closed for user root
Jun  7 04:39:01 ftpserv CRON[17768]: pam_unix(cron:session): session opened for user root by (uid=0)
Jun  7 04:39:01 ftpserv CRON[17768]: pam_unix(cron:session): session closed for user root
Jun  7 05:09:01 ftpserv CRON[18159]: pam_unix(cron:session): session opened for user root by (uid=0)
Jun  7 05:09:01 ftpserv CRON[18159]: pam_unix(cron:session): session closed for user root
Jun  7 05:17:01 ftpserv CRON[18277]: pam_unix(cron:session): session opened for user root by (uid=0)
Jun  7 05:17:01 ftpserv CRON[18277]: pam_unix(cron:session): session closed for user root
Jun  7 05:39:01 ftpserv CRON[18550]: pam_unix(cron:session): session opened for user root by (uid=0)
Jun  7 05:39:01 ftpserv CRON[18550]: pam_unix(cron:session): session closed for user root
Jun  7 06:09:01 ftpserv CRON[18941]: pam_unix(cron:session): session opened for user root by (uid=0)
Jun  7 06:09:01 ftpserv CRON[18941]: pam_unix(cron:session): session closed for user root
Jun  7 06:17:01 ftpserv CRON[19056]: pam_unix(cron:session): session opened for user root by (uid=0)
Jun  7 06:17:01 ftpserv CRON[19056]: pam_unix(cron:session): session closed for user root
Jun  7 06:25:01 ftpserv CRON[19151]: pam_unix(cron:session): session opened for user root by (uid=0)
Jun  7 06:39:01 ftpserv CRON[19371]: pam_unix(cron:session): session opened for user root by (uid=0)
Jun  7 06:39:01 ftpserv CRON[19371]: pam_unix(cron:session): session closed for user root
Jun  7 06:43:10 ftpserv CRON[19151]: pam_unix(cron:session): session closed for user root
Jun  7 07:09:01 ftpserv CRON[19867]: pam_unix(cron:session): session opened for user root by (uid=0)
Jun  7 07:09:01 ftpserv CRON[19867]: pam_unix(cron:session): session closed for user root
Jun  7 07:17:01 ftpserv CRON[19981]: pam_unix(cron:session): session opened for user root by (uid=0)
Jun  7 07:17:01 ftpserv CRON[19981]: pam_unix(cron:session): session closed for user root
Jun  7 07:39:01 ftpserv CRON[20258]: pam_unix(cron:session): session opened for user root by (uid=0)
Jun  7 07:39:01 ftpserv CRON[20258]: pam_unix(cron:session): session closed for user root
Jun  7 08:09:01 ftpserv CRON[20653]: pam_unix(cron:session): session opened for user root by (uid=0)
Jun  7 08:09:01 ftpserv CRON[20653]: pam_unix(cron:session): session closed for user root
Jun  7 08:17:01 ftpserv CRON[20756]: pam_unix(cron:session): session opened for user root by (uid=0)
Jun  7 08:17:01 ftpserv CRON[20756]: pam_unix(cron:session): session closed for user root
Jun  7 08:39:01 ftpserv CRON[21025]: pam_unix(cron:session): session opened for user root by (uid=0)
Jun  7 08:39:01 ftpserv CRON[21025]: pam_unix(cron:session): session closed for user root
Jun  7 09:09:01 ftpserv CRON[21427]: pam_unix(cron:session): session opened for user root by (uid=0)
Jun  7 09:09:01 ftpserv CRON[21427]: pam_unix(cron:session): session closed for user root
Jun  7 09:17:01 ftpserv CRON[21539]: pam_unix(cron:session): session opened for user root by (uid=0)
Jun  7 09:17:01 ftpserv CRON[21539]: pam_unix(cron:session): session closed for user root
Jun  7 09:39:01 ftpserv CRON[21815]: pam_unix(cron:session): session opened for user root by (uid=0)
Jun  7 09:39:02 ftpserv CRON[21815]: pam_unix(cron:session): session closed for user root
Jun  7 10:09:01 ftpserv CRON[22223]: pam_unix(cron:session): session opened for user root by (uid=0)
Jun  7 10:09:01 ftpserv CRON[22223]: pam_unix(cron:session): session closed for user root
Jun  7 10:17:01 ftpserv CRON[22339]: pam_unix(cron:session): session opened for user root by (uid=0)
Jun  7 10:17:01 ftpserv CRON[22339]: pam_unix(cron:session): session closed for user root
Jun  7 10:39:01 ftpserv CRON[22621]: pam_unix(cron:session): session opened for user root by (uid=0)
Jun  7 10:39:01 ftpserv CRON[22621]: pam_unix(cron:session): session closed for user root
Jun  7 11:09:01 ftpserv CRON[23005]: pam_unix(cron:session): session opened for user root by (uid=0)
Jun  7 11:09:01 ftpserv CRON[23005]: pam_unix(cron:session): session closed for user root
Jun  7 11:17:01 ftpserv CRON[23115]: pam_unix(cron:session): session opened for user root by (uid=0)
Jun  7 11:17:01 ftpserv CRON[23115]: pam_unix(cron:session): session closed for user root
Jun  7 11:39:01 ftpserv CRON[23381]: pam_unix(cron:session): session opened for user root by (uid=0)
Jun  7 11:39:01 ftpserv CRON[23381]: pam_unix(cron:session): session closed for user root
Jun  7 12:09:01 ftpserv CRON[23769]: pam_unix(cron:session): session opened for user root by (uid=0)
Jun  7 12:09:01 ftpserv CRON[23769]: pam_unix(cron:session): session closed for user root
Jun  7 12:17:01 ftpserv CRON[23888]: pam_unix(cron:session): session opened for user root by (uid=0)
Jun  7 12:17:01 ftpserv CRON[23888]: pam_unix(cron:session): session closed for user root
Jun  7 12:39:01 ftpserv CRON[24157]: pam_unix(cron:session): session opened for user root by (uid=0)
Jun  7 12:39:01 ftpserv CRON[24157]: pam_unix(cron:session): session closed for user root
Jun  7 13:09:01 ftpserv CRON[24537]: pam_unix(cron:session): session opened for user root by (uid=0)
Jun  7 13:09:02 ftpserv CRON[24537]: pam_unix(cron:session): session closed for user root
Jun  7 13:17:01 ftpserv CRON[24646]: pam_unix(cron:session): session opened for user root by (uid=0)
Jun  7 13:17:01 ftpserv CRON[24646]: pam_unix(cron:session): session closed for user root
Jun  7 13:39:01 ftpserv CRON[24918]: pam_unix(cron:session): session opened for user root by (uid=0)
Jun  7 13:39:01 ftpserv CRON[24918]: pam_unix(cron:session): session closed for user root
Jun  7 14:09:01 ftpserv CRON[25300]: pam_unix(cron:session): session opened for user root by (uid=0)
Jun  7 14:09:01 ftpserv CRON[25300]: pam_unix(cron:session): session closed for user root
Jun  7 14:17:01 ftpserv CRON[25413]: pam_unix(cron:session): session opened for user root by (uid=0)
Jun  7 14:17:01 ftpserv CRON[25413]: pam_unix(cron:session): session closed for user root
Jun  7 14:39:01 ftpserv CRON[25694]: pam_unix(cron:session): session opened for user root by (uid=0)
Jun  7 14:39:01 ftpserv CRON[25694]: pam_unix(cron:session): session closed for user root
Jun  7 15:09:01 ftpserv CRON[26070]: pam_unix(cron:session): session opened for user root by (uid=0)
Jun  7 15:09:01 ftpserv CRON[26070]: pam_unix(cron:session): session closed for user root
Jun  7 15:17:01 ftpserv CRON[26175]: pam_unix(cron:session): session opened for user root by (uid=0)
Jun  7 15:17:01 ftpserv CRON[26175]: pam_unix(cron:session): session closed for user root
Jun  7 15:39:01 ftpserv CRON[26443]: pam_unix(cron:session): session opened for user root by (uid=0)
Jun  7 15:39:01 ftpserv CRON[26443]: pam_unix(cron:session): session closed for user root
Jun  7 16:09:01 ftpserv CRON[26830]: pam_unix(cron:session): session opened for user root by (uid=0)
Jun  7 16:09:01 ftpserv CRON[26830]: pam_unix(cron:session): session closed for user root
Jun  7 16:17:01 ftpserv CRON[26942]: pam_unix(cron:session): session opened for user root by (uid=0)
Jun  7 16:17:02 ftpserv CRON[26942]: pam_unix(cron:session): session closed for user root
Jun  7 16:39:01 ftpserv CRON[27210]: pam_unix(cron:session): session opened for user root by (uid=0)
Jun  7 16:39:01 ftpserv CRON[27210]: pam_unix(cron:session): session closed for user root
Jun  7 17:09:01 ftpserv CRON[27610]: pam_unix(cron:session): session opened for user root by (uid=0)
Jun  7 17:09:01 ftpserv CRON[27610]: pam_unix(cron:session): session closed for user root
Jun  7 17:17:01 ftpserv CRON[27715]: pam_unix(cron:session): session opened for user root by (uid=0)
Jun  7 17:17:01 ftpserv CRON[27715]: pam_unix(cron:session): session closed for user root
Jun  7 17:39:01 ftpserv CRON[27988]: pam_unix(cron:session): session opened for user root by (uid=0)
Jun  7 17:39:01 ftpserv CRON[27988]: pam_unix(cron:session): session closed for user root
Jun  7 18:09:01 ftpserv CRON[28375]: pam_unix(cron:session): session opened for user root by (uid=0)
Jun  7 18:09:01 ftpserv CRON[28375]: pam_unix(cron:session): session closed for user root
Jun  7 18:17:01 ftpserv CRON[28479]: pam_unix(cron:session): session opened for user root by (uid=0)
Jun  7 18:17:01 ftpserv CRON[28479]: pam_unix(cron:session): session closed for user root
Jun  7 18:39:01 ftpserv CRON[28737]: pam_unix(cron:session): session opened for user root by (uid=0)
Jun  7 18:39:01 ftpserv CRON[28737]: pam_unix(cron:session): session closed for user root
Jun  7 18:56:27 ftpserv sshd[28963]: Accepted password for root from 10.68.4.122 port 57913 ssh2
Jun  7 18:56:27 ftpserv sshd[28963]: pam_unix(sshd:session): session opened for user root by (uid=0)
Jun  7 18:56:27 ftpserv systemd-logind[554]: Removed session 1.
Jun  7 18:56:27 ftpserv systemd-logind[554]: New session 2 of user root.
Jun  7 19:09:01 ftpserv CRON[29327]: pam_unix(cron:session): session opened for user root by (uid=0)
Jun  7 19:09:01 ftpserv CRON[29327]: pam_unix(cron:session): session closed for user root
Jun  7 19:17:01 ftpserv CRON[29444]: pam_unix(cron:session): session opened for user root by (uid=0)
Jun  7 19:17:01 ftpserv CRON[29444]: pam_unix(cron:session): session closed for user root
Jun  7 19:29:34 ftpserv sshd[28963]: pam_unix(sshd:session): session closed for user root
Jun  7 19:39:01 ftpserv CRON[29717]: pam_unix(cron:session): session opened for user root by (uid=0)
Jun  7 19:39:02 ftpserv CRON[29717]: pam_unix(cron:session): session closed for user root
Jun  7 20:09:01 ftpserv CRON[30150]: pam_unix(cron:session): session opened for user root by (uid=0)
Jun  7 20:09:01 ftpserv CRON[30150]: pam_unix(cron:session): session closed for user root
Jun  7 20:17:01 ftpserv CRON[30290]: pam_unix(cron:session): session opened for user root by (uid=0)
Jun  7 20:17:01 ftpserv CRON[30290]: pam_unix(cron:session): session closed for user root
Jun  7 20:39:01 ftpserv CRON[30567]: pam_unix(cron:session): session opened for user root by (uid=0)
Jun  7 20:39:01 ftpserv CRON[30567]: pam_unix(cron:session): session closed for user root
Jun  7 21:09:01 ftpserv CRON[31102]: pam_unix(cron:session): session opened for user root by (uid=0)
Jun  7 21:09:01 ftpserv CRON[31102]: pam_unix(cron:session): session closed for user root
Jun  7 21:17:01 ftpserv CRON[31264]: pam_unix(cron:session): session opened for user root by (uid=0)
Jun  7 21:17:01 ftpserv CRON[31264]: pam_unix(cron:session): session closed for user root
Jun  7 21:23:22 ftpserv vsftpd: pam_unix(vsftpd:auth): check pass; user unknown
Jun  7 21:23:22 ftpserv vsftpd: pam_unix(vsftpd:auth): authentication failure; logname= uid=0 euid=0 tty=ftp ruser=anonymous rhost=27.4.156.120 
Jun  7 21:39:01 ftpserv CRON[31549]: pam_unix(cron:session): session opened for user root by (uid=0)
Jun  7 21:39:01 ftpserv CRON[31549]: pam_unix(cron:session): session closed for user root
Jun  7 22:09:01 ftpserv CRON[31933]: pam_unix(cron:session): session opened for user root by (uid=0)
Jun  7 22:09:01 ftpserv CRON[31933]: pam_unix(cron:session): session closed for user root
Jun  7 22:17:01 ftpserv CRON[32043]: pam_unix(cron:session): session opened for user root by (uid=0)
Jun  7 22:17:01 ftpserv CRON[32043]: pam_unix(cron:session): session closed for user root
Jun  7 22:21:21 ftpserv vsftpd: pam_unix(vsftpd:auth): check pass; user unknown
Jun  7 22:21:21 ftpserv vsftpd: pam_unix(vsftpd:auth): authentication failure; logname= uid=0 euid=0 tty=ftp ruser=admin rhost=83.14.74.114 
Jun  7 22:39:01 ftpserv CRON[32318]: pam_unix(cron:session): session opened for user root by (uid=0)
Jun  7 22:39:01 ftpserv CRON[32318]: pam_unix(cron:session): session closed for user root
Jun  7 23:09:01 ftpserv CRON[32705]: pam_unix(cron:session): session opened for user root by (uid=0)
Jun  7 23:09:02 ftpserv CRON[32705]: pam_unix(cron:session): session closed for user root
Jun  7 23:17:01 ftpserv CRON[346]: pam_unix(cron:session): session opened for user root by (uid=0)
Jun  7 23:17:01 ftpserv CRON[346]: pam_unix(cron:session): session closed for user root
Jun  7 23:39:01 ftpserv CRON[630]: pam_unix(cron:session): session opened for user root by (uid=0)
Jun  7 23:39:01 ftpserv CRON[630]: pam_unix(cron:session): session closed for user root
Jun  8 00:09:01 ftpserv CRON[1051]: pam_unix(cron:session): session opened for user root by (uid=0)
Jun  8 00:09:01 ftpserv CRON[1051]: pam_unix(cron:session): session closed for user root
Jun  8 00:17:01 ftpserv CRON[1165]: pam_unix(cron:session): session opened for user root by (uid=0)
Jun  8 00:17:01 ftpserv CRON[1165]: pam_unix(cron:session): session closed for user root
Jun  8 00:39:01 ftpserv CRON[1439]: pam_unix(cron:session): session opened for user root by (uid=0)
Jun  8 00:39:01 ftpserv CRON[1439]: pam_unix(cron:session): session closed for user root
Jun  8 01:09:01 ftpserv CRON[1825]: pam_unix(cron:session): session opened for user root by (uid=0)
Jun  8 01:09:01 ftpserv CRON[1825]: pam_unix(cron:session): session closed for user root
Jun  8 01:17:01 ftpserv CRON[1934]: pam_unix(cron:session): session opened for user root by (uid=0)
Jun  8 01:17:01 ftpserv CRON[1934]: pam_unix(cron:session): session closed for user root
Jun  8 01:39:01 ftpserv CRON[2207]: pam_unix(cron:session): session opened for user root by (uid=0)
Jun  8 01:39:01 ftpserv CRON[2207]: pam_unix(cron:session): session closed for user root
Jun  8 02:09:01 ftpserv CRON[2602]: pam_unix(cron:session): session opened for user root by (uid=0)
Jun  8 02:09:01 ftpserv CRON[2602]: pam_unix(cron:session): session closed for user root
Jun  8 02:17:01 ftpserv CRON[2710]: pam_unix(cron:session): session opened for user root by (uid=0)
Jun  8 02:17:01 ftpserv CRON[2710]: pam_unix(cron:session): session closed for user root
Jun  8 02:39:01 ftpserv CRON[2979]: pam_unix(cron:session): session opened for user root by (uid=0)
Jun  8 02:39:02 ftpserv CRON[2979]: pam_unix(cron:session): session closed for user root
Jun  8 03:09:01 ftpserv CRON[3363]: pam_unix(cron:session): session opened for user root by (uid=0)
Jun  8 03:09:01 ftpserv CRON[3363]: pam_unix(cron:session): session closed for user root
Jun  8 03:17:01 ftpserv CRON[3473]: pam_unix(cron:session): session opened for user root by (uid=0)
Jun  8 03:17:01 ftpserv CRON[3473]: pam_unix(cron:session): session closed for user root
Jun  8 03:39:01 ftpserv CRON[3745]: pam_unix(cron:session): session opened for user root by (uid=0)
Jun  8 03:39:01 ftpserv CRON[3745]: pam_unix(cron:session): session closed for user root
Jun  8 03:46:13 ftpserv vsftpd: pam_unix(vsftpd:auth): check pass; user unknown
Jun  8 03:46:13 ftpserv vsftpd: pam_unix(vsftpd:auth): authentication failure; logname= uid=0 euid=0 tty=ftp ruser=admin rhost=176.101.199.185 
Jun  8 04:09:01 ftpserv CRON[4137]: pam_unix(cron:session): session opened for user root by (uid=0)
Jun  8 04:09:01 ftpserv CRON[4137]: pam_unix(cron:session): session closed for user root
Jun  8 04:17:01 ftpserv CRON[4247]: pam_unix(cron:session): session opened for user root by (uid=0)
Jun  8 04:17:01 ftpserv CRON[4247]: pam_unix(cron:session): session closed for user root
Jun  8 04:39:01 ftpserv CRON[4514]: pam_unix(cron:session): session opened for user root by (uid=0)
Jun  8 04:39:01 ftpserv CRON[4514]: pam_unix(cron:session): session closed for user root
Jun  8 05:09:01 ftpserv CRON[4900]: pam_unix(cron:session): session opened for user root by (uid=0)
Jun  8 05:09:01 ftpserv CRON[4900]: pam_unix(cron:session): session closed for user root
Jun  8 05:17:01 ftpserv CRON[5010]: pam_unix(cron:session): session opened for user root by (uid=0)
Jun  8 05:17:01 ftpserv CRON[5010]: pam_unix(cron:session): session closed for user root
Jun  8 05:39:01 ftpserv CRON[5280]: pam_unix(cron:session): session opened for user root by (uid=0)
Jun  8 05:39:02 ftpserv CRON[5280]: pam_unix(cron:session): session closed for user root
Jun  8 06:09:01 ftpserv CRON[5663]: pam_unix(cron:session): session opened for user root by (uid=0)
Jun  8 06:09:01 ftpserv CRON[5663]: pam_unix(cron:session): session closed for user root
Jun  8 06:17:01 ftpserv CRON[5773]: pam_unix(cron:session): session opened for user root by (uid=0)
Jun  8 06:17:01 ftpserv CRON[5773]: pam_unix(cron:session): session closed for user root
Jun  8 06:25:01 ftpserv CRON[5872]: pam_unix(cron:session): session opened for user root by (uid=0)
Jun  8 06:33:57 ftpserv CRON[5872]: pam_unix(cron:session): session closed for user root
Jun  8 06:39:01 ftpserv CRON[6180]: pam_unix(cron:session): session opened for user root by (uid=0)
Jun  8 06:39:01 ftpserv CRON[6180]: pam_unix(cron:session): session closed for user root
Jun  8 07:09:01 ftpserv CRON[6569]: pam_unix(cron:session): session opened for user root by (uid=0)
Jun  8 07:09:01 ftpserv CRON[6569]: pam_unix(cron:session): session closed for user root
Jun  8 07:17:01 ftpserv CRON[6679]: pam_unix(cron:session): session opened for user root by (uid=0)
Jun  8 07:17:01 ftpserv CRON[6679]: pam_unix(cron:session): session closed for user root
Jun  8 07:39:01 ftpserv CRON[6947]: pam_unix(cron:session): session opened for user root by (uid=0)
Jun  8 07:39:01 ftpserv CRON[6947]: pam_unix(cron:session): session closed for user root
Jun  8 08:09:01 ftpserv CRON[7330]: pam_unix(cron:session): session opened for user root by (uid=0)
Jun  8 08:09:01 ftpserv CRON[7330]: pam_unix(cron:session): session closed for user root
Jun  8 08:17:01 ftpserv CRON[7435]: pam_unix(cron:session): session opened for user root by (uid=0)
Jun  8 08:17:01 ftpserv CRON[7435]: pam_unix(cron:session): session closed for user root
Jun  8 08:39:01 ftpserv CRON[7696]: pam_unix(cron:session): session opened for user root by (uid=0)
Jun  8 08:39:01 ftpserv CRON[7696]: pam_unix(cron:session): session closed for user root
Jun  8 09:09:01 ftpserv CRON[8086]: pam_unix(cron:session): session opened for user root by (uid=0)
Jun  8 09:09:01 ftpserv CRON[8086]: pam_unix(cron:session): session closed for user root
Jun  8 09:17:01 ftpserv CRON[8198]: pam_unix(cron:session): session opened for user root by (uid=0)
Jun  8 09:17:01 ftpserv CRON[8198]: pam_unix(cron:session): session closed for user root
Jun  8 09:39:01 ftpserv CRON[8477]: pam_unix(cron:session): session opened for user root by (uid=0)
Jun  8 09:39:02 ftpserv CRON[8477]: pam_unix(cron:session): session closed for user root
Jun  8 10:04:21 ftpserv vsftpd: pam_unix(vsftpd:auth): check pass; user unknown
Jun  8 10:04:21 ftpserv vsftpd: pam_unix(vsftpd:auth): authentication failure; logname= uid=0 euid=0 tty=ftp ruser=anonymous rhost=31.211.102.129 
Jun  8 10:09:01 ftpserv CRON[8867]: pam_unix(cron:session): session opened for user root by (uid=0)
Jun  8 10:09:01 ftpserv CRON[8867]: pam_unix(cron:session): session closed for user root
Jun  8 10:17:01 ftpserv CRON[8976]: pam_unix(cron:session): session opened for user root by (uid=0)
Jun  8 10:17:01 ftpserv CRON[8976]: pam_unix(cron:session): session closed for user root
Jun  8 10:39:01 ftpserv CRON[9244]: pam_unix(cron:session): session opened for user root by (uid=0)
Jun  8 10:39:01 ftpserv CRON[9244]: pam_unix(cron:session): session closed for user root
Jun  8 11:09:01 ftpserv CRON[9631]: pam_unix(cron:session): session opened for user root by (uid=0)
Jun  8 11:09:01 ftpserv CRON[9631]: pam_unix(cron:session): session closed for user root
Jun  8 11:17:01 ftpserv CRON[9736]: pam_unix(cron:session): session opened for user root by (uid=0)
Jun  8 11:17:01 ftpserv CRON[9736]: pam_unix(cron:session): session closed for user root
Jun  8 11:39:01 ftpserv CRON[10023]: pam_unix(cron:session): session opened for user root by (uid=0)
Jun  8 11:39:01 ftpserv CRON[10023]: pam_unix(cron:session): session closed for user root
Jun  8 12:09:01 ftpserv CRON[10417]: pam_unix(cron:session): session opened for user root by (uid=0)
Jun  8 12:09:01 ftpserv CRON[10417]: pam_unix(cron:session): session closed for user root
Jun  8 12:17:01 ftpserv CRON[10530]: pam_unix(cron:session): session opened for user root by (uid=0)
Jun  8 12:17:01 ftpserv CRON[10530]: pam_unix(cron:session): session closed for user root
Jun  8 12:39:01 ftpserv CRON[10798]: pam_unix(cron:session): session opened for user root by (uid=0)
Jun  8 12:39:01 ftpserv CRON[10798]: pam_unix(cron:session): session closed for user root
Jun  8 13:09:01 ftpserv CRON[11171]: pam_unix(cron:session): session opened for user root by (uid=0)
Jun  8 13:09:02 ftpserv CRON[11171]: pam_unix(cron:session): session closed for user root
Jun  8 13:17:01 ftpserv CRON[11275]: pam_unix(cron:session): session opened for user root by (uid=0)
Jun  8 13:17:01 ftpserv CRON[11275]: pam_unix(cron:session): session closed for user root
Jun  8 13:39:01 ftpserv CRON[11533]: pam_unix(cron:session): session opened for user root by (uid=0)
Jun  8 13:39:01 ftpserv CRON[11533]: pam_unix(cron:session): session closed for user root
Jun  8 14:09:01 ftpserv CRON[11913]: pam_unix(cron:session): session opened for user root by (uid=0)
Jun  8 14:09:01 ftpserv CRON[11913]: pam_unix(cron:session): session closed for user root
Jun  8 14:17:01 ftpserv CRON[12028]: pam_unix(cron:session): session opened for user root by (uid=0)
Jun  8 14:17:01 ftpserv CRON[12028]: pam_unix(cron:session): session closed for user root
Jun  8 14:39:01 ftpserv CRON[12295]: pam_unix(cron:session): session opened for user root by (uid=0)
Jun  8 14:39:01 ftpserv CRON[12295]: pam_unix(cron:session): session closed for user root
Jun  8 15:09:01 ftpserv CRON[12689]: pam_unix(cron:session): session opened for user root by (uid=0)
Jun  8 15:09:01 ftpserv CRON[12689]: pam_unix(cron:session): session closed for user root
Jun  8 15:17:01 ftpserv CRON[12797]: pam_unix(cron:session): session opened for user root by (uid=0)
Jun  8 15:17:01 ftpserv CRON[12797]: pam_unix(cron:session): session closed for user root
Jun  8 15:39:01 ftpserv CRON[13071]: pam_unix(cron:session): session opened for user root by (uid=0)
Jun  8 15:39:01 ftpserv CRON[13071]: pam_unix(cron:session): session closed for user root
Jun  8 16:09:01 ftpserv CRON[13467]: pam_unix(cron:session): session opened for user root by (uid=0)
Jun  8 16:09:01 ftpserv CRON[13467]: pam_unix(cron:session): session closed for user root
Jun  8 16:17:01 ftpserv CRON[13574]: pam_unix(cron:session): session opened for user root by (uid=0)
Jun  8 16:17:01 ftpserv CRON[13574]: pam_unix(cron:session): session closed for user root
Jun  8 16:39:01 ftpserv CRON[13829]: pam_unix(cron:session): session opened for user root by (uid=0)
Jun  8 16:39:01 ftpserv CRON[13829]: pam_unix(cron:session): session closed for user root
Jun  8 17:09:01 ftpserv CRON[14222]: pam_unix(cron:session): session opened for user root by (uid=0)
Jun  8 17:09:01 ftpserv CRON[14222]: pam_unix(cron:session): session closed for user root
Jun  8 17:17:01 ftpserv CRON[14334]: pam_unix(cron:session): session opened for user root by (uid=0)
Jun  8 17:17:01 ftpserv CRON[14334]: pam_unix(cron:session): session closed for user root
Jun  8 17:39:01 ftpserv CRON[14609]: pam_unix(cron:session): session opened for user root by (uid=0)
Jun  8 17:39:01 ftpserv CRON[14609]: pam_unix(cron:session): session closed for user root
Jun  8 18:09:01 ftpserv CRON[14980]: pam_unix(cron:session): session opened for user root by (uid=0)
Jun  8 18:09:01 ftpserv CRON[14980]: pam_unix(cron:session): session closed for user root
Jun  8 18:17:01 ftpserv CRON[15092]: pam_unix(cron:session): session opened for user root by (uid=0)
Jun  8 18:17:01 ftpserv CRON[15092]: pam_unix(cron:session): session closed for user root
Jun  8 18:39:01 ftpserv CRON[15367]: pam_unix(cron:session): session opened for user root by (uid=0)
Jun  8 18:39:01 ftpserv CRON[15367]: pam_unix(cron:session): session closed for user root
Jun  8 19:09:01 ftpserv CRON[15757]: pam_unix(cron:session): session opened for user root by (uid=0)
Jun  8 19:09:01 ftpserv CRON[15757]: pam_unix(cron:session): session closed for user root
Jun  8 19:17:01 ftpserv CRON[15859]: pam_unix(cron:session): session opened for user root by (uid=0)
Jun  8 19:17:01 ftpserv CRON[15859]: pam_unix(cron:session): session closed for user root
Jun  8 19:39:01 ftpserv CRON[16124]: pam_unix(cron:session): session opened for user root by (uid=0)
Jun  8 19:39:02 ftpserv CRON[16124]: pam_unix(cron:session): session closed for user root
Jun  8 20:09:01 ftpserv CRON[16583]: pam_unix(cron:session): session opened for user root by (uid=0)
Jun  8 20:09:01 ftpserv CRON[16583]: pam_unix(cron:session): session closed for user root
Jun  8 20:17:01 ftpserv CRON[16711]: pam_unix(cron:session): session opened for user root by (uid=0)
Jun  8 20:17:01 ftpserv CRON[16711]: pam_unix(cron:session): session closed for user root
Jun  8 20:39:01 ftpserv CRON[16993]: pam_unix(cron:session): session opened for user root by (uid=0)
Jun  8 20:39:01 ftpserv CRON[16993]: pam_unix(cron:session): session closed for user root
Jun  8 21:09:01 ftpserv CRON[17532]: pam_unix(cron:session): session opened for user root by (uid=0)
Jun  8 21:09:01 ftpserv CRON[17532]: pam_unix(cron:session): session closed for user root
Jun  8 21:17:01 ftpserv CRON[17715]: pam_unix(cron:session): session opened for user root by (uid=0)
Jun  8 21:17:01 ftpserv CRON[17715]: pam_unix(cron:session): session closed for user root
Jun  8 21:39:01 ftpserv CRON[17997]: pam_unix(cron:session): session opened for user root by (uid=0)
Jun  8 21:39:01 ftpserv CRON[17997]: pam_unix(cron:session): session closed for user root
Jun  8 22:09:01 ftpserv CRON[18388]: pam_unix(cron:session): session opened for user root by (uid=0)
Jun  8 22:09:01 ftpserv CRON[18388]: pam_unix(cron:session): session closed for user root
Jun  8 22:17:01 ftpserv CRON[18500]: pam_unix(cron:session): session opened for user root by (uid=0)
Jun  8 22:17:01 ftpserv CRON[18500]: pam_unix(cron:session): session closed for user root
Jun  8 22:39:01 ftpserv CRON[18764]: pam_unix(cron:session): session opened for user root by (uid=0)
Jun  8 22:39:01 ftpserv CRON[18764]: pam_unix(cron:session): session closed for user root
Jun  8 23:09:01 ftpserv CRON[19148]: pam_unix(cron:session): session opened for user root by (uid=0)
Jun  8 23:09:02 ftpserv CRON[19148]: pam_unix(cron:session): session closed for user root
Jun  8 23:17:01 ftpserv CRON[19257]: pam_unix(cron:session): session opened for user root by (uid=0)
Jun  8 23:17:01 ftpserv CRON[19257]: pam_unix(cron:session): session closed for user root
Jun  8 23:39:01 ftpserv CRON[19523]: pam_unix(cron:session): session opened for user root by (uid=0)
Jun  8 23:39:01 ftpserv CRON[19523]: pam_unix(cron:session): session closed for user root
Jun  9 00:06:23 ftpserv vsftpd: pam_unix(vsftpd:auth): authentication failure; logname= uid=0 euid=0 tty=ftp ruser=ftp rhost=182.19.42.179  user=ftp
Jun  9 00:09:01 ftpserv CRON[19924]: pam_unix(cron:session): session opened for user root by (uid=0)
Jun  9 00:09:01 ftpserv CRON[19924]: pam_unix(cron:session): session closed for user root
Jun  9 00:17:01 ftpserv CRON[20036]: pam_unix(cron:session): session opened for user root by (uid=0)
Jun  9 00:17:01 ftpserv CRON[20036]: pam_unix(cron:session): session closed for user root
Jun  9 00:39:01 ftpserv CRON[20309]: pam_unix(cron:session): session opened for user root by (uid=0)
Jun  9 00:39:01 ftpserv CRON[20309]: pam_unix(cron:session): session closed for user root
Jun  9 01:09:01 ftpserv CRON[20705]: pam_unix(cron:session): session opened for user root by (uid=0)
Jun  9 01:09:01 ftpserv CRON[20705]: pam_unix(cron:session): session closed for user root
Jun  9 01:17:01 ftpserv CRON[20817]: pam_unix(cron:session): session opened for user root by (uid=0)
Jun  9 01:17:01 ftpserv CRON[20817]: pam_unix(cron:session): session closed for user root
Jun  9 01:39:01 ftpserv CRON[21086]: pam_unix(cron:session): session opened for user root by (uid=0)
Jun  9 01:39:01 ftpserv CRON[21086]: pam_unix(cron:session): session closed for user root
Jun  9 02:09:01 ftpserv CRON[21483]: pam_unix(cron:session): session opened for user root by (uid=0)
Jun  9 02:09:01 ftpserv CRON[21483]: pam_unix(cron:session): session closed for user root
Jun  9 02:17:01 ftpserv CRON[21594]: pam_unix(cron:session): session opened for user root by (uid=0)
Jun  9 02:17:01 ftpserv CRON[21594]: pam_unix(cron:session): session closed for user root
Jun  9 02:39:01 ftpserv CRON[21867]: pam_unix(cron:session): session opened for user root by (uid=0)
Jun  9 02:39:01 ftpserv CRON[21867]: pam_unix(cron:session): session closed for user root
Jun  9 03:09:01 ftpserv CRON[22270]: pam_unix(cron:session): session opened for user root by (uid=0)
Jun  9 03:09:01 ftpserv CRON[22270]: pam_unix(cron:session): session closed for user root
Jun  9 03:17:01 ftpserv CRON[22383]: pam_unix(cron:session): session opened for user root by (uid=0)
Jun  9 03:17:01 ftpserv CRON[22383]: pam_unix(cron:session): session closed for user root
Jun  9 03:39:01 ftpserv CRON[22652]: pam_unix(cron:session): session opened for user root by (uid=0)
Jun  9 03:39:01 ftpserv CRON[22652]: pam_unix(cron:session): session closed for user root
Jun  9 04:09:01 ftpserv CRON[23028]: pam_unix(cron:session): session opened for user root by (uid=0)
Jun  9 04:09:01 ftpserv CRON[23028]: pam_unix(cron:session): session closed for user root
Jun  9 04:17:01 ftpserv CRON[23134]: pam_unix(cron:session): session opened for user root by (uid=0)
Jun  9 04:17:01 ftpserv CRON[23134]: pam_unix(cron:session): session closed for user root
Jun  9 04:39:01 ftpserv CRON[23402]: pam_unix(cron:session): session opened for user root by (uid=0)
Jun  9 04:39:01 ftpserv CRON[23402]: pam_unix(cron:session): session closed for user root
Jun  9 05:09:01 ftpserv CRON[23795]: pam_unix(cron:session): session opened for user root by (uid=0)
Jun  9 05:09:01 ftpserv CRON[23795]: pam_unix(cron:session): session closed for user root
Jun  9 05:17:01 ftpserv CRON[23909]: pam_unix(cron:session): session opened for user root by (uid=0)
Jun  9 05:17:01 ftpserv CRON[23909]: pam_unix(cron:session): session closed for user root
Jun  9 05:39:01 ftpserv CRON[24183]: pam_unix(cron:session): session opened for user root by (uid=0)
Jun  9 05:39:02 ftpserv CRON[24183]: pam_unix(cron:session): session closed for user root
Jun  9 06:09:01 ftpserv CRON[24578]: pam_unix(cron:session): session opened for user root by (uid=0)
Jun  9 06:09:01 ftpserv CRON[24578]: pam_unix(cron:session): session closed for user root
Jun  9 06:17:01 ftpserv CRON[24688]: pam_unix(cron:session): session opened for user root by (uid=0)
Jun  9 06:17:01 ftpserv CRON[24688]: pam_unix(cron:session): session closed for user root
Jun  9 06:25:01 ftpserv CRON[24786]: pam_unix(cron:session): session opened for user root by (uid=0)
Jun  9 06:39:01 ftpserv CRON[25005]: pam_unix(cron:session): session opened for user root by (uid=0)
Jun  9 06:39:01 ftpserv CRON[25005]: pam_unix(cron:session): session closed for user root
Jun  9 06:54:26 ftpserv CRON[24786]: pam_unix(cron:session): session closed for user root
Jun  9 07:09:01 ftpserv CRON[25502]: pam_unix(cron:session): session opened for user root by (uid=0)
Jun  9 07:09:01 ftpserv CRON[25502]: pam_unix(cron:session): session closed for user root
Jun  9 07:17:01 ftpserv CRON[25617]: pam_unix(cron:session): session opened for user root by (uid=0)
Jun  9 07:17:01 ftpserv CRON[25617]: pam_unix(cron:session): session closed for user root
Jun  9 07:39:01 ftpserv CRON[25896]: pam_unix(cron:session): session opened for user root by (uid=0)
Jun  9 07:39:01 ftpserv CRON[25896]: pam_unix(cron:session): session closed for user root
Jun  9 08:09:01 ftpserv CRON[26302]: pam_unix(cron:session): session opened for user root by (uid=0)
Jun  9 08:09:01 ftpserv CRON[26302]: pam_unix(cron:session): session closed for user root
Jun  9 08:17:01 ftpserv CRON[26415]: pam_unix(cron:session): session opened for user root by (uid=0)
Jun  9 08:17:01 ftpserv CRON[26415]: pam_unix(cron:session): session closed for user root
Jun  9 08:39:01 ftpserv CRON[26695]: pam_unix(cron:session): session opened for user root by (uid=0)
Jun  9 08:39:01 ftpserv CRON[26695]: pam_unix(cron:session): session closed for user root
Jun  9 09:09:01 ftpserv CRON[27087]: pam_unix(cron:session): session opened for user root by (uid=0)
Jun  9 09:09:01 ftpserv CRON[27087]: pam_unix(cron:session): session closed for user root
Jun  9 09:17:01 ftpserv CRON[27198]: pam_unix(cron:session): session opened for user root by (uid=0)
Jun  9 09:17:01 ftpserv CRON[27198]: pam_unix(cron:session): session closed for user root
Jun  9 09:39:01 ftpserv CRON[27474]: pam_unix(cron:session): session opened for user root by (uid=0)
Jun  9 09:39:01 ftpserv CRON[27474]: pam_unix(cron:session): session closed for user root
Jun  9 10:09:01 ftpserv CRON[27872]: pam_unix(cron:session): session opened for user root by (uid=0)
Jun  9 10:09:02 ftpserv CRON[27872]: pam_unix(cron:session): session closed for user root
Jun  9 10:17:01 ftpserv CRON[27986]: pam_unix(cron:session): session opened for user root by (uid=0)
Jun  9 10:17:01 ftpserv CRON[27986]: pam_unix(cron:session): session closed for user root
Jun  9 10:22:37 ftpserv vsftpd: pam_unix(vsftpd:auth): check pass; user unknown
Jun  9 10:22:37 ftpserv vsftpd: pam_unix(vsftpd:auth): authentication failure; logname= uid=0 euid=0 tty=ftp ruser=1 rhost=192.168.6.15 
Jun  9 10:39:01 ftpserv CRON[28270]: pam_unix(cron:session): session opened for user root by (uid=0)
Jun  9 10:39:01 ftpserv CRON[28270]: pam_unix(cron:session): session closed for user root
Jun  9 11:09:01 ftpserv CRON[28660]: pam_unix(cron:session): session opened for user root by (uid=0)
Jun  9 11:09:01 ftpserv CRON[28660]: pam_unix(cron:session): session closed for user root
Jun  9 11:17:01 ftpserv CRON[28771]: pam_unix(cron:session): session opened for user root by (uid=0)
Jun  9 11:17:01 ftpserv CRON[28771]: pam_unix(cron:session): session closed for user root
Jun  9 11:39:01 ftpserv CRON[29042]: pam_unix(cron:session): session opened for user root by (uid=0)
Jun  9 11:39:01 ftpserv CRON[29042]: pam_unix(cron:session): session closed for user root
Jun  9 12:09:01 ftpserv CRON[29415]: pam_unix(cron:session): session opened for user root by (uid=0)
Jun  9 12:09:01 ftpserv CRON[29415]: pam_unix(cron:session): session closed for user root
Jun  9 12:17:01 ftpserv CRON[29527]: pam_unix(cron:session): session opened for user root by (uid=0)
Jun  9 12:17:01 ftpserv CRON[29527]: pam_unix(cron:session): session closed for user root
Jun  9 12:39:01 ftpserv CRON[29790]: pam_unix(cron:session): session opened for user root by (uid=0)
Jun  9 12:39:01 ftpserv CRON[29790]: pam_unix(cron:session): session closed for user root
Jun  9 13:09:01 ftpserv CRON[30176]: pam_unix(cron:session): session opened for user root by (uid=0)
Jun  9 13:09:01 ftpserv CRON[30176]: pam_unix(cron:session): session closed for user root
Jun  9 13:17:01 ftpserv CRON[30286]: pam_unix(cron:session): session opened for user root by (uid=0)
Jun  9 13:17:01 ftpserv CRON[30286]: pam_unix(cron:session): session closed for user root
Jun  9 13:39:01 ftpserv CRON[30537]: pam_unix(cron:session): session opened for user root by (uid=0)
Jun  9 13:39:02 ftpserv CRON[30537]: pam_unix(cron:session): session closed for user root
Jun  9 14:09:01 ftpserv CRON[30904]: pam_unix(cron:session): session opened for user root by (uid=0)
Jun  9 14:09:01 ftpserv CRON[30904]: pam_unix(cron:session): session closed for user root
Jun  9 14:17:01 ftpserv CRON[31011]: pam_unix(cron:session): session opened for user root by (uid=0)
Jun  9 14:17:01 ftpserv CRON[31011]: pam_unix(cron:session): session closed for user root
Jun  9 14:39:01 ftpserv CRON[31267]: pam_unix(cron:session): session opened for user root by (uid=0)
Jun  9 14:39:01 ftpserv CRON[31267]: pam_unix(cron:session): session closed for user root
Jun  9 15:09:01 ftpserv CRON[31651]: pam_unix(cron:session): session opened for user root by (uid=0)
Jun  9 15:09:01 ftpserv CRON[31651]: pam_unix(cron:session): session closed for user root
Jun  9 15:17:01 ftpserv CRON[31776]: pam_unix(cron:session): session opened for user root by (uid=0)
Jun  9 15:17:01 ftpserv CRON[31776]: pam_unix(cron:session): session closed for user root
Jun  9 15:39:01 ftpserv CRON[32040]: pam_unix(cron:session): session opened for user root by (uid=0)
Jun  9 15:39:01 ftpserv CRON[32040]: pam_unix(cron:session): session closed for user root
Jun  9 16:09:01 ftpserv CRON[32425]: pam_unix(cron:session): session opened for user root by (uid=0)
Jun  9 16:09:01 ftpserv CRON[32425]: pam_unix(cron:session): session closed for user root
Jun  9 16:17:01 ftpserv CRON[32535]: pam_unix(cron:session): session opened for user root by (uid=0)
Jun  9 16:17:01 ftpserv CRON[32535]: pam_unix(cron:session): session closed for user root
Jun  9 16:39:01 ftpserv CRON[332]: pam_unix(cron:session): session opened for user root by (uid=0)
Jun  9 16:39:02 ftpserv CRON[332]: pam_unix(cron:session): session closed for user root
Jun  9 17:09:01 ftpserv CRON[740]: pam_unix(cron:session): session opened for user root by (uid=0)
Jun  9 17:09:01 ftpserv CRON[740]: pam_unix(cron:session): session closed for user root
Jun  9 17:17:01 ftpserv CRON[860]: pam_unix(cron:session): session opened for user root by (uid=0)
Jun  9 17:17:01 ftpserv CRON[860]: pam_unix(cron:session): session closed for user root
Jun  9 17:39:01 ftpserv CRON[1171]: pam_unix(cron:session): session opened for user root by (uid=0)
Jun  9 17:39:01 ftpserv CRON[1171]: pam_unix(cron:session): session closed for user root
Jun  9 18:09:01 ftpserv CRON[1545]: pam_unix(cron:session): session opened for user root by (uid=0)
Jun  9 18:09:01 ftpserv CRON[1545]: pam_unix(cron:session): session closed for user root
Jun  9 18:17:01 ftpserv CRON[1647]: pam_unix(cron:session): session opened for user root by (uid=0)
Jun  9 18:17:01 ftpserv CRON[1647]: pam_unix(cron:session): session closed for user root
Jun  9 18:31:23 ftpserv sshd[1816]: Accepted password for root from 10.68.4.122 port 52691 ssh2
Jun  9 18:31:23 ftpserv sshd[1816]: pam_unix(sshd:session): session opened for user root by (uid=0)
Jun  9 18:31:23 ftpserv systemd-logind[554]: Removed session 2.
Jun  9 18:31:23 ftpserv systemd-logind[554]: New session 3 of user root.
Jun  9 18:31:23 ftpserv sshd[1816]: subsystem request for sftp by user root
