May 14 06:38:45 mail CRON[15987]: pam_unix(cron:session): session closed for user root
May 14 06:39:01 mail CRON[17231]: pam_unix(cron:session): session opened for user root by (uid=0)
May 14 06:39:01 mail CRON[17231]: pam_unix(cron:session): session closed for user root
May 14 06:40:01 mail CRON[17256]: pam_unix(cron:session): session opened for user www-data by (uid=0)
May 14 06:40:02 mail CRON[17256]: pam_unix(cron:session): session closed for user www-data
May 14 06:47:01 mail CRON[17408]: pam_unix(cron:session): session opened for user root by (uid=0)
May 14 06:47:04 mail CRON[17408]: pam_unix(cron:session): session closed for user root
May 14 06:50:01 mail CRON[17489]: pam_unix(cron:session): session opened for user www-data by (uid=0)
May 14 06:50:02 mail CRON[17489]: pam_unix(cron:session): session closed for user www-data
May 14 07:00:01 mail CRON[17713]: pam_unix(cron:session): session opened for user www-data by (uid=0)
May 14 07:00:02 mail CRON[17713]: pam_unix(cron:session): session closed for user www-data
May 14 07:09:01 mail CRON[17932]: pam_unix(cron:session): session opened for user root by (uid=0)
May 14 07:09:01 mail CRON[17932]: pam_unix(cron:session): session closed for user root
May 14 07:10:01 mail CRON[17957]: pam_unix(cron:session): session opened for user www-data by (uid=0)
May 14 07:10:02 mail CRON[17957]: pam_unix(cron:session): session closed for user www-data
May 14 07:17:01 mail CRON[18129]: pam_unix(cron:session): session opened for user root by (uid=0)
May 14 07:17:01 mail CRON[18129]: pam_unix(cron:session): session closed for user root
May 14 07:20:01 mail CRON[18198]: pam_unix(cron:session): session opened for user www-data by (uid=0)
May 14 07:20:02 mail CRON[18198]: pam_unix(cron:session): session closed for user www-data
May 14 07:30:01 mail CRON[18412]: pam_unix(cron:session): session opened for user www-data by (uid=0)
May 14 07:30:01 mail CRON[18412]: pam_unix(cron:session): session closed for user www-data
May 14 07:39:01 mail CRON[18626]: pam_unix(cron:session): session opened for user root by (uid=0)
May 14 07:39:01 mail CRON[18626]: pam_unix(cron:session): session closed for user root
May 14 07:40:01 mail CRON[18651]: pam_unix(cron:session): session opened for user www-data by (uid=0)
May 14 07:40:02 mail CRON[18651]: pam_unix(cron:session): session closed for user www-data
May 14 07:50:01 mail CRON[18863]: pam_unix(cron:session): session opened for user www-data by (uid=0)
May 14 07:50:02 mail CRON[18863]: pam_unix(cron:session): session closed for user www-data
May 14 08:00:01 mail CRON[19091]: pam_unix(cron:session): session opened for user www-data by (uid=0)
May 14 08:00:02 mail CRON[19091]: pam_unix(cron:session): session closed for user www-data
May 14 08:09:01 mail CRON[19297]: pam_unix(cron:session): session opened for user root by (uid=0)
May 14 08:09:01 mail CRON[19297]: pam_unix(cron:session): session closed for user root
May 14 08:10:01 mail CRON[19322]: pam_unix(cron:session): session opened for user www-data by (uid=0)
May 14 08:10:02 mail CRON[19322]: pam_unix(cron:session): session closed for user www-data
May 14 08:17:01 mail CRON[19472]: pam_unix(cron:session): session opened for user root by (uid=0)
May 14 08:17:01 mail CRON[19472]: pam_unix(cron:session): session closed for user root
May 14 08:20:01 mail CRON[19545]: pam_unix(cron:session): session opened for user www-data by (uid=0)
May 14 08:20:02 mail CRON[19545]: pam_unix(cron:session): session closed for user www-data
May 14 08:30:01 mail CRON[19773]: pam_unix(cron:session): session opened for user www-data by (uid=0)
May 14 08:30:01 mail CRON[19773]: pam_unix(cron:session): session closed for user www-data
May 14 08:39:01 mail CRON[20001]: pam_unix(cron:session): session opened for user root by (uid=0)
May 14 08:39:01 mail CRON[20001]: pam_unix(cron:session): session closed for user root
May 14 08:40:01 mail CRON[20047]: pam_unix(cron:session): session opened for user www-data by (uid=0)
May 14 08:40:01 mail CRON[20047]: pam_unix(cron:session): session closed for user www-data
May 14 08:50:01 mail CRON[20271]: pam_unix(cron:session): session opened for user www-data by (uid=0)
May 14 08:50:02 mail CRON[20271]: pam_unix(cron:session): session closed for user www-data
May 14 09:00:01 mail CRON[20501]: pam_unix(cron:session): session opened for user www-data by (uid=0)
May 14 09:00:02 mail CRON[20501]: pam_unix(cron:session): session closed for user www-data
May 14 09:09:01 mail CRON[20728]: pam_unix(cron:session): session opened for user root by (uid=0)
May 14 09:09:01 mail CRON[20728]: pam_unix(cron:session): session closed for user root
May 14 09:10:01 mail CRON[20757]: pam_unix(cron:session): session opened for user www-data by (uid=0)
May 14 09:10:02 mail CRON[20757]: pam_unix(cron:session): session closed for user www-data
May 14 09:17:01 mail CRON[20937]: pam_unix(cron:session): session opened for user root by (uid=0)
May 14 09:17:01 mail CRON[20937]: pam_unix(cron:session): session closed for user root
May 14 09:18:01 mail CRON[20960]: pam_unix(cron:session): session opened for user amavis by (uid=0)
May 14 09:18:03 mail CRON[20960]: pam_unix(cron:session): session closed for user amavis
May 14 09:20:01 mail CRON[21016]: pam_unix(cron:session): session opened for user www-data by (uid=0)
May 14 09:20:02 mail CRON[21016]: pam_unix(cron:session): session closed for user www-data
May 14 09:30:01 mail CRON[21256]: pam_unix(cron:session): session opened for user www-data by (uid=0)
May 14 09:30:02 mail CRON[21256]: pam_unix(cron:session): session closed for user www-data
May 14 09:39:01 mail CRON[21496]: pam_unix(cron:session): session opened for user root by (uid=0)
May 14 09:39:01 mail CRON[21496]: pam_unix(cron:session): session closed for user root
May 14 09:40:01 mail CRON[21527]: pam_unix(cron:session): session opened for user www-data by (uid=0)
May 14 09:40:01 mail CRON[21527]: pam_unix(cron:session): session closed for user www-data
May 14 09:50:01 mail CRON[21775]: pam_unix(cron:session): session opened for user www-data by (uid=0)
May 14 09:50:02 mail CRON[21775]: pam_unix(cron:session): session closed for user www-data
May 14 10:00:01 mail CRON[22002]: pam_unix(cron:session): session opened for user www-data by (uid=0)
May 14 10:00:02 mail CRON[22002]: pam_unix(cron:session): session closed for user www-data
May 14 10:09:01 mail CRON[22236]: pam_unix(cron:session): session opened for user root by (uid=0)
May 14 10:09:01 mail CRON[22236]: pam_unix(cron:session): session closed for user root
May 14 10:10:01 mail CRON[22263]: pam_unix(cron:session): session opened for user www-data by (uid=0)
May 14 10:10:02 mail CRON[22263]: pam_unix(cron:session): session closed for user www-data
May 14 10:17:01 mail CRON[22442]: pam_unix(cron:session): session opened for user root by (uid=0)
May 14 10:17:01 mail CRON[22442]: pam_unix(cron:session): session closed for user root
May 14 10:20:01 mail CRON[22517]: pam_unix(cron:session): session opened for user www-data by (uid=0)
May 14 10:20:02 mail CRON[22517]: pam_unix(cron:session): session closed for user www-data
May 14 10:30:01 mail CRON[22761]: pam_unix(cron:session): session opened for user www-data by (uid=0)
May 14 10:30:02 mail CRON[22761]: pam_unix(cron:session): session closed for user www-data
May 14 10:39:01 mail CRON[22990]: pam_unix(cron:session): session opened for user root by (uid=0)
May 14 10:39:01 mail CRON[22990]: pam_unix(cron:session): session closed for user root
May 14 10:40:01 mail CRON[23018]: pam_unix(cron:session): session opened for user www-data by (uid=0)
May 14 10:40:02 mail CRON[23018]: pam_unix(cron:session): session closed for user www-data
May 14 10:50:01 mail CRON[23251]: pam_unix(cron:session): session opened for user www-data by (uid=0)
May 14 10:50:01 mail CRON[23251]: pam_unix(cron:session): session closed for user www-data
May 14 11:00:01 mail CRON[23500]: pam_unix(cron:session): session opened for user www-data by (uid=0)
May 14 11:00:02 mail CRON[23500]: pam_unix(cron:session): session closed for user www-data
May 14 11:09:01 mail CRON[23732]: pam_unix(cron:session): session opened for user root by (uid=0)
May 14 11:09:01 mail CRON[23732]: pam_unix(cron:session): session closed for user root
May 14 11:10:01 mail CRON[23761]: pam_unix(cron:session): session opened for user www-data by (uid=0)
May 14 11:10:02 mail CRON[23761]: pam_unix(cron:session): session closed for user www-data
May 14 11:17:01 mail CRON[23940]: pam_unix(cron:session): session opened for user root by (uid=0)
May 14 11:17:01 mail CRON[23940]: pam_unix(cron:session): session closed for user root
May 14 11:20:01 mail CRON[24025]: pam_unix(cron:session): session opened for user www-data by (uid=0)
May 14 11:20:02 mail CRON[24025]: pam_unix(cron:session): session closed for user www-data
May 14 11:30:01 mail CRON[24261]: pam_unix(cron:session): session opened for user www-data by (uid=0)
May 14 11:30:02 mail CRON[24261]: pam_unix(cron:session): session closed for user www-data
May 14 11:39:01 mail CRON[24489]: pam_unix(cron:session): session opened for user root by (uid=0)
May 14 11:39:01 mail CRON[24489]: pam_unix(cron:session): session closed for user root
May 14 11:40:01 mail CRON[24516]: pam_unix(cron:session): session opened for user www-data by (uid=0)
May 14 11:40:02 mail CRON[24516]: pam_unix(cron:session): session closed for user www-data
May 14 11:50:01 mail CRON[24772]: pam_unix(cron:session): session opened for user www-data by (uid=0)
May 14 11:50:02 mail CRON[24772]: pam_unix(cron:session): session closed for user www-data
May 14 12:00:01 mail CRON[25029]: pam_unix(cron:session): session opened for user www-data by (uid=0)
May 14 12:00:02 mail CRON[25029]: pam_unix(cron:session): session closed for user www-data
May 14 12:09:01 mail CRON[25307]: pam_unix(cron:session): session opened for user root by (uid=0)
May 14 12:09:01 mail CRON[25307]: pam_unix(cron:session): session closed for user root
May 14 12:10:01 mail CRON[25336]: pam_unix(cron:session): session opened for user www-data by (uid=0)
May 14 12:10:01 mail CRON[25336]: pam_unix(cron:session): session closed for user www-data
May 14 12:17:01 mail CRON[25497]: pam_unix(cron:session): session opened for user root by (uid=0)
May 14 12:17:01 mail CRON[25497]: pam_unix(cron:session): session closed for user root
May 14 12:18:01 mail CRON[25520]: pam_unix(cron:session): session opened for user amavis by (uid=0)
May 14 12:18:02 mail CRON[25520]: pam_unix(cron:session): session closed for user amavis
May 14 12:20:01 mail CRON[25572]: pam_unix(cron:session): session opened for user www-data by (uid=0)
May 14 12:20:02 mail CRON[25572]: pam_unix(cron:session): session closed for user www-data
May 14 12:30:01 mail CRON[25822]: pam_unix(cron:session): session opened for user www-data by (uid=0)
May 14 12:30:02 mail CRON[25822]: pam_unix(cron:session): session closed for user www-data
May 14 12:39:01 mail CRON[26040]: pam_unix(cron:session): session opened for user root by (uid=0)
May 14 12:39:01 mail CRON[26040]: pam_unix(cron:session): session closed for user root
May 14 12:40:01 mail CRON[26065]: pam_unix(cron:session): session opened for user www-data by (uid=0)
May 14 12:40:02 mail CRON[26065]: pam_unix(cron:session): session closed for user www-data
May 14 12:50:01 mail CRON[26335]: pam_unix(cron:session): session opened for user www-data by (uid=0)
May 14 12:50:02 mail CRON[26335]: pam_unix(cron:session): session closed for user www-data
May 14 13:00:01 mail CRON[26577]: pam_unix(cron:session): session opened for user www-data by (uid=0)
May 14 13:00:02 mail CRON[26577]: pam_unix(cron:session): session closed for user www-data
May 14 13:09:01 mail CRON[26809]: pam_unix(cron:session): session opened for user root by (uid=0)
May 14 13:09:01 mail CRON[26809]: pam_unix(cron:session): session closed for user root
May 14 13:10:01 mail CRON[26839]: pam_unix(cron:session): session opened for user www-data by (uid=0)
May 14 13:10:02 mail CRON[26839]: pam_unix(cron:session): session closed for user www-data
May 14 13:17:01 mail CRON[27011]: pam_unix(cron:session): session opened for user root by (uid=0)
May 14 13:17:01 mail CRON[27011]: pam_unix(cron:session): session closed for user root
May 14 13:20:01 mail CRON[27089]: pam_unix(cron:session): session opened for user www-data by (uid=0)
May 14 13:20:01 mail CRON[27089]: pam_unix(cron:session): session closed for user www-data
May 14 13:30:01 mail CRON[27322]: pam_unix(cron:session): session opened for user www-data by (uid=0)
May 14 13:30:02 mail CRON[27322]: pam_unix(cron:session): session closed for user www-data
May 14 13:39:01 mail CRON[27547]: pam_unix(cron:session): session opened for user root by (uid=0)
May 14 13:39:01 mail CRON[27547]: pam_unix(cron:session): session closed for user root
May 14 13:40:01 mail CRON[27573]: pam_unix(cron:session): session opened for user www-data by (uid=0)
May 14 13:40:02 mail CRON[27573]: pam_unix(cron:session): session closed for user www-data
May 14 13:50:01 mail CRON[27806]: pam_unix(cron:session): session opened for user www-data by (uid=0)
May 14 13:50:02 mail CRON[27806]: pam_unix(cron:session): session closed for user www-data
May 14 14:00:01 mail CRON[28058]: pam_unix(cron:session): session opened for user www-data by (uid=0)
May 14 14:00:02 mail CRON[28058]: pam_unix(cron:session): session closed for user www-data
May 14 14:09:01 mail CRON[28272]: pam_unix(cron:session): session opened for user root by (uid=0)
May 14 14:09:01 mail CRON[28272]: pam_unix(cron:session): session closed for user root
May 14 14:10:01 mail CRON[28297]: pam_unix(cron:session): session opened for user www-data by (uid=0)
May 14 14:10:02 mail CRON[28297]: pam_unix(cron:session): session closed for user www-data
May 14 14:17:01 mail CRON[28456]: pam_unix(cron:session): session opened for user root by (uid=0)
May 14 14:17:01 mail CRON[28456]: pam_unix(cron:session): session closed for user root
May 14 14:20:01 mail CRON[28530]: pam_unix(cron:session): session opened for user www-data by (uid=0)
May 14 14:20:02 mail CRON[28530]: pam_unix(cron:session): session closed for user www-data
May 14 14:30:01 mail CRON[28797]: pam_unix(cron:session): session opened for user www-data by (uid=0)
May 14 14:30:02 mail CRON[28797]: pam_unix(cron:session): session closed for user www-data
May 14 14:39:01 mail CRON[29020]: pam_unix(cron:session): session opened for user root by (uid=0)
May 14 14:39:01 mail CRON[29020]: pam_unix(cron:session): session closed for user root
May 14 14:40:01 mail CRON[29045]: pam_unix(cron:session): session opened for user www-data by (uid=0)
May 14 14:40:02 mail CRON[29045]: pam_unix(cron:session): session closed for user www-data
May 14 14:50:01 mail CRON[29286]: pam_unix(cron:session): session opened for user www-data by (uid=0)
May 14 14:50:01 mail CRON[29286]: pam_unix(cron:session): session closed for user www-data
May 14 15:00:01 mail CRON[29532]: pam_unix(cron:session): session opened for user www-data by (uid=0)
May 14 15:00:01 mail CRON[29532]: pam_unix(cron:session): session closed for user www-data
May 14 15:09:01 mail CRON[29787]: pam_unix(cron:session): session opened for user root by (uid=0)
May 14 15:09:02 mail CRON[29787]: pam_unix(cron:session): session closed for user root
May 14 15:10:02 mail CRON[29822]: pam_unix(cron:session): session opened for user www-data by (uid=0)
May 14 15:10:02 mail CRON[29822]: pam_unix(cron:session): session closed for user www-data
May 14 15:17:01 mail CRON[29986]: pam_unix(cron:session): session opened for user root by (uid=0)
May 14 15:17:01 mail CRON[29986]: pam_unix(cron:session): session closed for user root
May 14 15:18:01 mail CRON[30019]: pam_unix(cron:session): session opened for user amavis by (uid=0)
May 14 15:18:03 mail CRON[30019]: pam_unix(cron:session): session closed for user amavis
May 14 15:20:01 mail CRON[30085]: pam_unix(cron:session): session opened for user www-data by (uid=0)
May 14 15:20:02 mail CRON[30085]: pam_unix(cron:session): session closed for user www-data
May 14 15:30:01 mail CRON[30338]: pam_unix(cron:session): session opened for user www-data by (uid=0)
May 14 15:30:02 mail CRON[30338]: pam_unix(cron:session): session closed for user www-data
May 14 15:39:01 mail CRON[30582]: pam_unix(cron:session): session opened for user root by (uid=0)
May 14 15:39:01 mail CRON[30582]: pam_unix(cron:session): session closed for user root
May 14 15:40:01 mail CRON[30609]: pam_unix(cron:session): session opened for user www-data by (uid=0)
May 14 15:40:02 mail CRON[30609]: pam_unix(cron:session): session closed for user www-data
May 14 15:50:01 mail CRON[30880]: pam_unix(cron:session): session opened for user www-data by (uid=0)
May 14 15:50:02 mail CRON[30880]: pam_unix(cron:session): session closed for user www-data
May 14 16:00:01 mail CRON[31134]: pam_unix(cron:session): session opened for user www-data by (uid=0)
May 14 16:00:01 mail CRON[31134]: pam_unix(cron:session): session closed for user www-data
May 14 16:09:01 mail CRON[31401]: pam_unix(cron:session): session opened for user root by (uid=0)
May 14 16:09:01 mail CRON[31401]: pam_unix(cron:session): session closed for user root
May 14 16:10:01 mail CRON[31430]: pam_unix(cron:session): session opened for user www-data by (uid=0)
May 14 16:10:02 mail CRON[31430]: pam_unix(cron:session): session closed for user www-data
May 14 16:17:01 mail CRON[31600]: pam_unix(cron:session): session opened for user root by (uid=0)
May 14 16:17:01 mail CRON[31600]: pam_unix(cron:session): session closed for user root
May 14 16:20:01 mail CRON[31687]: pam_unix(cron:session): session opened for user www-data by (uid=0)
May 14 16:20:02 mail CRON[31687]: pam_unix(cron:session): session closed for user www-data
May 14 16:30:01 mail CRON[31927]: pam_unix(cron:session): session opened for user www-data by (uid=0)
May 14 16:30:02 mail CRON[31927]: pam_unix(cron:session): session closed for user www-data
May 14 16:39:01 mail CRON[32139]: pam_unix(cron:session): session opened for user root by (uid=0)
May 14 16:39:01 mail CRON[32139]: pam_unix(cron:session): session closed for user root
May 14 16:40:01 mail CRON[32176]: pam_unix(cron:session): session opened for user www-data by (uid=0)
May 14 16:40:02 mail CRON[32176]: pam_unix(cron:session): session closed for user www-data
May 14 16:50:01 mail CRON[32415]: pam_unix(cron:session): session opened for user www-data by (uid=0)
May 14 16:50:02 mail CRON[32415]: pam_unix(cron:session): session closed for user www-data
May 14 17:00:01 mail CRON[32641]: pam_unix(cron:session): session opened for user www-data by (uid=0)
May 14 17:00:02 mail CRON[32641]: pam_unix(cron:session): session closed for user www-data
May 14 17:09:01 mail CRON[392]: pam_unix(cron:session): session opened for user root by (uid=0)
May 14 17:09:01 mail CRON[392]: pam_unix(cron:session): session closed for user root
May 14 17:10:01 mail CRON[427]: pam_unix(cron:session): session opened for user www-data by (uid=0)
May 14 17:10:02 mail CRON[427]: pam_unix(cron:session): session closed for user www-data
May 14 17:17:01 mail CRON[592]: pam_unix(cron:session): session opened for user root by (uid=0)
May 14 17:17:01 mail CRON[592]: pam_unix(cron:session): session closed for user root
May 14 17:20:01 mail CRON[669]: pam_unix(cron:session): session opened for user www-data by (uid=0)
May 14 17:20:02 mail CRON[669]: pam_unix(cron:session): session closed for user www-data
May 14 17:30:01 mail CRON[915]: pam_unix(cron:session): session opened for user www-data by (uid=0)
May 14 17:30:02 mail CRON[915]: pam_unix(cron:session): session closed for user www-data
May 14 17:39:01 mail CRON[1146]: pam_unix(cron:session): session opened for user root by (uid=0)
May 14 17:39:01 mail CRON[1146]: pam_unix(cron:session): session closed for user root
May 14 17:40:01 mail CRON[1195]: pam_unix(cron:session): session opened for user www-data by (uid=0)
May 14 17:40:02 mail CRON[1195]: pam_unix(cron:session): session closed for user www-data
May 14 17:50:01 mail CRON[1444]: pam_unix(cron:session): session opened for user www-data by (uid=0)
May 14 17:50:02 mail CRON[1444]: pam_unix(cron:session): session closed for user www-data
May 14 18:00:01 mail CRON[1704]: pam_unix(cron:session): session opened for user www-data by (uid=0)
May 14 18:00:02 mail CRON[1704]: pam_unix(cron:session): session closed for user www-data
May 14 18:09:01 mail CRON[1939]: pam_unix(cron:session): session opened for user root by (uid=0)
May 14 18:09:01 mail CRON[1939]: pam_unix(cron:session): session closed for user root
May 14 18:10:01 mail CRON[1976]: pam_unix(cron:session): session opened for user www-data by (uid=0)
May 14 18:10:02 mail CRON[1976]: pam_unix(cron:session): session closed for user www-data
May 14 18:17:01 mail CRON[2148]: pam_unix(cron:session): session opened for user root by (uid=0)
May 14 18:17:01 mail CRON[2148]: pam_unix(cron:session): session closed for user root
May 14 18:18:01 mail CRON[2171]: pam_unix(cron:session): session opened for user amavis by (uid=0)
May 14 18:18:02 mail CRON[2171]: pam_unix(cron:session): session closed for user amavis
May 14 18:20:01 mail CRON[2225]: pam_unix(cron:session): session opened for user www-data by (uid=0)
May 14 18:20:02 mail CRON[2225]: pam_unix(cron:session): session closed for user www-data
May 14 18:30:01 mail CRON[2465]: pam_unix(cron:session): session opened for user www-data by (uid=0)
May 14 18:30:02 mail CRON[2465]: pam_unix(cron:session): session closed for user www-data
May 14 18:39:01 mail CRON[2670]: pam_unix(cron:session): session opened for user root by (uid=0)
May 14 18:39:01 mail CRON[2670]: pam_unix(cron:session): session closed for user root
May 14 18:40:01 mail CRON[2702]: pam_unix(cron:session): session opened for user www-data by (uid=0)
May 14 18:40:02 mail CRON[2702]: pam_unix(cron:session): session closed for user www-data
May 14 18:50:01 mail CRON[2921]: pam_unix(cron:session): session opened for user www-data by (uid=0)
May 14 18:50:02 mail CRON[2921]: pam_unix(cron:session): session closed for user www-data
May 14 19:00:01 mail CRON[3149]: pam_unix(cron:session): session opened for user www-data by (uid=0)
May 14 19:00:02 mail CRON[3149]: pam_unix(cron:session): session closed for user www-data
May 14 19:09:01 mail CRON[3379]: pam_unix(cron:session): session opened for user root by (uid=0)
May 14 19:09:01 mail CRON[3379]: pam_unix(cron:session): session closed for user root
May 14 19:10:01 mail CRON[3408]: pam_unix(cron:session): session opened for user www-data by (uid=0)
May 14 19:10:02 mail CRON[3408]: pam_unix(cron:session): session closed for user www-data
May 14 19:17:01 mail CRON[3583]: pam_unix(cron:session): session opened for user root by (uid=0)
May 14 19:17:01 mail CRON[3583]: pam_unix(cron:session): session closed for user root
May 14 19:20:01 mail CRON[3652]: pam_unix(cron:session): session opened for user www-data by (uid=0)
May 14 19:20:02 mail CRON[3652]: pam_unix(cron:session): session closed for user www-data
May 14 19:30:01 mail CRON[3843]: pam_unix(cron:session): session opened for user www-data by (uid=0)
May 14 19:30:02 mail CRON[3843]: pam_unix(cron:session): session closed for user www-data
May 14 19:39:01 mail CRON[4046]: pam_unix(cron:session): session opened for user root by (uid=0)
May 14 19:39:01 mail CRON[4046]: pam_unix(cron:session): session closed for user root
May 14 19:40:01 mail CRON[4070]: pam_unix(cron:session): session opened for user www-data by (uid=0)
May 14 19:40:02 mail CRON[4070]: pam_unix(cron:session): session closed for user www-data
May 14 19:50:01 mail CRON[4256]: pam_unix(cron:session): session opened for user www-data by (uid=0)
May 14 19:50:01 mail CRON[4256]: pam_unix(cron:session): session closed for user www-data
May 14 20:00:01 mail CRON[4459]: pam_unix(cron:session): session opened for user www-data by (uid=0)
May 14 20:00:01 mail CRON[4459]: pam_unix(cron:session): session closed for user www-data
May 14 20:09:01 mail CRON[4717]: pam_unix(cron:session): session opened for user root by (uid=0)
May 14 20:09:01 mail CRON[4717]: pam_unix(cron:session): session closed for user root
May 14 20:10:01 mail CRON[4745]: pam_unix(cron:session): session opened for user www-data by (uid=0)
May 14 20:10:03 mail CRON[4745]: pam_unix(cron:session): session closed for user www-data
May 14 20:17:01 mail CRON[4888]: pam_unix(cron:session): session opened for user root by (uid=0)
May 14 20:17:01 mail CRON[4888]: pam_unix(cron:session): session closed for user root
May 14 20:20:01 mail CRON[4925]: pam_unix(cron:session): session opened for user www-data by (uid=0)
May 14 20:20:01 mail CRON[4925]: pam_unix(cron:session): session closed for user www-data
May 14 20:30:01 mail CRON[5057]: pam_unix(cron:session): session opened for user www-data by (uid=0)
May 14 20:30:02 mail CRON[5057]: pam_unix(cron:session): session closed for user www-data
May 14 20:39:01 mail CRON[5202]: pam_unix(cron:session): session opened for user root by (uid=0)
May 14 20:39:01 mail CRON[5202]: pam_unix(cron:session): session closed for user root
May 14 20:40:01 mail CRON[5218]: pam_unix(cron:session): session opened for user www-data by (uid=0)
May 14 20:40:02 mail CRON[5218]: pam_unix(cron:session): session closed for user www-data
May 14 20:50:01 mail CRON[5368]: pam_unix(cron:session): session opened for user www-data by (uid=0)
May 14 20:50:02 mail CRON[5368]: pam_unix(cron:session): session closed for user www-data
May 14 21:00:01 mail CRON[5498]: pam_unix(cron:session): session opened for user www-data by (uid=0)
May 14 21:00:02 mail CRON[5498]: pam_unix(cron:session): session closed for user www-data
May 14 21:09:01 mail CRON[5633]: pam_unix(cron:session): session opened for user root by (uid=0)
May 14 21:09:01 mail CRON[5633]: pam_unix(cron:session): session closed for user root
May 14 21:10:01 mail CRON[5646]: pam_unix(cron:session): session opened for user www-data by (uid=0)
May 14 21:10:02 mail CRON[5646]: pam_unix(cron:session): session closed for user www-data
May 14 21:17:01 mail CRON[5761]: pam_unix(cron:session): session opened for user root by (uid=0)
May 14 21:17:01 mail CRON[5761]: pam_unix(cron:session): session closed for user root
May 14 21:18:01 mail CRON[5784]: pam_unix(cron:session): session opened for user amavis by (uid=0)
May 14 21:18:03 mail CRON[5784]: pam_unix(cron:session): session closed for user amavis
May 14 21:20:01 mail CRON[5812]: pam_unix(cron:session): session opened for user www-data by (uid=0)
May 14 21:20:02 mail CRON[5812]: pam_unix(cron:session): session closed for user www-data
May 14 21:30:01 mail CRON[5975]: pam_unix(cron:session): session opened for user www-data by (uid=0)
May 14 21:30:02 mail CRON[5975]: pam_unix(cron:session): session closed for user www-data
May 14 21:39:01 mail CRON[6091]: pam_unix(cron:session): session opened for user root by (uid=0)
May 14 21:39:01 mail CRON[6091]: pam_unix(cron:session): session closed for user root
May 14 21:40:01 mail CRON[6104]: pam_unix(cron:session): session opened for user www-data by (uid=0)
May 14 21:40:02 mail CRON[6104]: pam_unix(cron:session): session closed for user www-data
May 14 21:50:01 mail CRON[6232]: pam_unix(cron:session): session opened for user www-data by (uid=0)
May 14 21:50:02 mail CRON[6232]: pam_unix(cron:session): session closed for user www-data
May 14 22:00:01 mail CRON[6405]: pam_unix(cron:session): session opened for user www-data by (uid=0)
May 14 22:00:01 mail CRON[6405]: pam_unix(cron:session): session closed for user www-data
May 14 22:09:01 mail CRON[6516]: pam_unix(cron:session): session opened for user root by (uid=0)
May 14 22:09:02 mail CRON[6516]: pam_unix(cron:session): session closed for user root
May 14 22:10:01 mail CRON[6531]: pam_unix(cron:session): session opened for user www-data by (uid=0)
May 14 22:10:01 mail CRON[6531]: pam_unix(cron:session): session closed for user www-data
May 14 22:17:01 mail CRON[6631]: pam_unix(cron:session): session opened for user root by (uid=0)
May 14 22:17:01 mail CRON[6631]: pam_unix(cron:session): session closed for user root
May 14 22:20:02 mail CRON[6669]: pam_unix(cron:session): session opened for user www-data by (uid=0)
May 14 22:20:02 mail CRON[6669]: pam_unix(cron:session): session closed for user www-data
May 14 22:30:01 mail CRON[6793]: pam_unix(cron:session): session opened for user www-data by (uid=0)
May 14 22:30:02 mail CRON[6793]: pam_unix(cron:session): session closed for user www-data
May 14 22:39:01 mail CRON[6910]: pam_unix(cron:session): session opened for user root by (uid=0)
May 14 22:39:01 mail CRON[6910]: pam_unix(cron:session): session closed for user root
May 14 22:40:01 mail CRON[6927]: pam_unix(cron:session): session opened for user www-data by (uid=0)
May 14 22:40:02 mail CRON[6927]: pam_unix(cron:session): session closed for user www-data
May 14 22:50:01 mail CRON[7059]: pam_unix(cron:session): session opened for user www-data by (uid=0)
May 14 22:50:02 mail CRON[7059]: pam_unix(cron:session): session closed for user www-data
May 14 23:00:01 mail CRON[7181]: pam_unix(cron:session): session opened for user www-data by (uid=0)
May 14 23:00:02 mail CRON[7181]: pam_unix(cron:session): session closed for user www-data
May 14 23:09:01 mail CRON[7312]: pam_unix(cron:session): session opened for user root by (uid=0)
May 14 23:09:01 mail CRON[7312]: pam_unix(cron:session): session closed for user root
May 14 23:10:01 mail CRON[7329]: pam_unix(cron:session): session opened for user www-data by (uid=0)
May 14 23:10:02 mail CRON[7329]: pam_unix(cron:session): session closed for user www-data
May 14 23:17:01 mail CRON[7431]: pam_unix(cron:session): session opened for user root by (uid=0)
May 14 23:17:01 mail CRON[7431]: pam_unix(cron:session): session closed for user root
May 14 23:20:01 mail CRON[7481]: pam_unix(cron:session): session opened for user www-data by (uid=0)
May 14 23:20:02 mail CRON[7481]: pam_unix(cron:session): session closed for user www-data
May 14 23:30:01 mail CRON[7611]: pam_unix(cron:session): session opened for user www-data by (uid=0)
May 14 23:30:02 mail CRON[7611]: pam_unix(cron:session): session closed for user www-data
May 14 23:39:01 mail CRON[7737]: pam_unix(cron:session): session opened for user root by (uid=0)
May 14 23:39:01 mail CRON[7737]: pam_unix(cron:session): session closed for user root
May 14 23:40:01 mail CRON[7752]: pam_unix(cron:session): session opened for user www-data by (uid=0)
May 14 23:40:02 mail CRON[7752]: pam_unix(cron:session): session closed for user www-data
May 14 23:50:01 mail CRON[7888]: pam_unix(cron:session): session opened for user www-data by (uid=0)
May 14 23:50:02 mail CRON[7888]: pam_unix(cron:session): session closed for user www-data
May 15 00:00:01 mail CRON[8023]: pam_unix(cron:session): session opened for user www-data by (uid=0)
May 15 00:00:02 mail CRON[8023]: pam_unix(cron:session): session closed for user www-data
May 15 00:09:01 mail CRON[8146]: pam_unix(cron:session): session opened for user root by (uid=0)
May 15 00:09:01 mail CRON[8146]: pam_unix(cron:session): session closed for user root
May 15 00:10:01 mail CRON[8159]: pam_unix(cron:session): session opened for user www-data by (uid=0)
May 15 00:10:02 mail CRON[8159]: pam_unix(cron:session): session closed for user www-data
May 15 00:17:01 mail CRON[8263]: pam_unix(cron:session): session opened for user root by (uid=0)
May 15 00:17:01 mail CRON[8263]: pam_unix(cron:session): session closed for user root
May 15 00:18:01 mail CRON[8276]: pam_unix(cron:session): session opened for user amavis by (uid=0)
May 15 00:18:03 mail CRON[8276]: pam_unix(cron:session): session closed for user amavis
May 15 00:20:01 mail CRON[8294]: pam_unix(cron:session): session opened for user www-data by (uid=0)
May 15 00:20:01 mail CRON[8294]: pam_unix(cron:session): session closed for user www-data
May 15 00:30:01 mail CRON[8423]: pam_unix(cron:session): session opened for user www-data by (uid=0)
May 15 00:30:02 mail CRON[8423]: pam_unix(cron:session): session closed for user www-data
May 15 00:39:01 mail CRON[8601]: pam_unix(cron:session): session opened for user root by (uid=0)
May 15 00:39:01 mail CRON[8601]: pam_unix(cron:session): session closed for user root
May 15 00:40:02 mail CRON[8615]: pam_unix(cron:session): session opened for user www-data by (uid=0)
May 15 00:40:02 mail CRON[8615]: pam_unix(cron:session): session closed for user www-data
May 15 00:50:01 mail CRON[8749]: pam_unix(cron:session): session opened for user www-data by (uid=0)
May 15 00:50:02 mail CRON[8749]: pam_unix(cron:session): session closed for user www-data
May 15 01:00:01 mail CRON[8871]: pam_unix(cron:session): session opened for user www-data by (uid=0)
May 15 01:00:02 mail CRON[8871]: pam_unix(cron:session): session closed for user www-data
May 15 01:09:01 mail CRON[8998]: pam_unix(cron:session): session opened for user root by (uid=0)
May 15 01:09:01 mail CRON[8998]: pam_unix(cron:session): session closed for user root
May 15 01:10:01 mail CRON[9011]: pam_unix(cron:session): session opened for user www-data by (uid=0)
May 15 01:10:02 mail CRON[9011]: pam_unix(cron:session): session closed for user www-data
May 15 01:17:01 mail CRON[9103]: pam_unix(cron:session): session opened for user root by (uid=0)
May 15 01:17:01 mail CRON[9103]: pam_unix(cron:session): session closed for user root
May 15 01:20:01 mail CRON[9128]: pam_unix(cron:session): session opened for user www-data by (uid=0)
May 15 01:20:02 mail CRON[9128]: pam_unix(cron:session): session closed for user www-data
May 15 01:30:01 mail CRON[9257]: pam_unix(cron:session): session opened for user www-data by (uid=0)
May 15 01:30:02 mail CRON[9257]: pam_unix(cron:session): session closed for user www-data
May 15 01:39:01 mail CRON[9368]: pam_unix(cron:session): session opened for user root by (uid=0)
May 15 01:39:01 mail CRON[9368]: pam_unix(cron:session): session closed for user root
May 15 01:40:01 mail CRON[9397]: pam_unix(cron:session): session opened for user www-data by (uid=0)
May 15 01:40:02 mail CRON[9397]: pam_unix(cron:session): session closed for user www-data
May 15 01:50:01 mail CRON[9557]: pam_unix(cron:session): session opened for user www-data by (uid=0)
May 15 01:50:02 mail CRON[9557]: pam_unix(cron:session): session closed for user www-data
May 15 02:00:01 mail CRON[9718]: pam_unix(cron:session): session opened for user www-data by (uid=0)
May 15 02:00:02 mail CRON[9718]: pam_unix(cron:session): session closed for user www-data
May 15 02:09:01 mail CRON[9853]: pam_unix(cron:session): session opened for user root by (uid=0)
May 15 02:09:01 mail CRON[9853]: pam_unix(cron:session): session closed for user root
May 15 02:10:01 mail CRON[9871]: pam_unix(cron:session): session opened for user www-data by (uid=0)
May 15 02:10:02 mail CRON[9871]: pam_unix(cron:session): session closed for user www-data
May 15 02:17:01 mail CRON[9966]: pam_unix(cron:session): session opened for user root by (uid=0)
May 15 02:17:01 mail CRON[9966]: pam_unix(cron:session): session closed for user root
May 15 02:20:01 mail CRON[10009]: pam_unix(cron:session): session opened for user www-data by (uid=0)
May 15 02:20:02 mail CRON[10009]: pam_unix(cron:session): session closed for user www-data
May 15 02:30:01 mail CRON[10136]: pam_unix(cron:session): session opened for user www-data by (uid=0)
May 15 02:30:02 mail CRON[10136]: pam_unix(cron:session): session closed for user www-data
May 15 02:39:01 mail CRON[10304]: pam_unix(cron:session): session opened for user root by (uid=0)
May 15 02:39:01 mail CRON[10304]: pam_unix(cron:session): session closed for user root
May 15 02:40:01 mail CRON[10319]: pam_unix(cron:session): session opened for user www-data by (uid=0)
May 15 02:40:02 mail CRON[10319]: pam_unix(cron:session): session closed for user www-data
May 15 02:50:01 mail CRON[10483]: pam_unix(cron:session): session opened for user www-data by (uid=0)
May 15 02:50:01 mail CRON[10483]: pam_unix(cron:session): session closed for user www-data
May 15 03:00:01 mail CRON[10614]: pam_unix(cron:session): session opened for user www-data by (uid=0)
May 15 03:00:01 mail CRON[10614]: pam_unix(cron:session): session closed for user www-data
May 15 03:09:01 mail CRON[10741]: pam_unix(cron:session): session opened for user root by (uid=0)
May 15 03:09:02 mail CRON[10741]: pam_unix(cron:session): session closed for user root
May 15 03:10:01 mail CRON[10756]: pam_unix(cron:session): session opened for user www-data by (uid=0)
May 15 03:10:01 mail CRON[10757]: pam_unix(cron:session): session opened for user www-data by (uid=0)
May 15 03:10:01 mail CRON[10757]: pam_unix(cron:session): session closed for user www-data
May 15 03:10:12 mail CRON[10756]: pam_unix(cron:session): session closed for user www-data
May 15 03:17:01 mail CRON[10965]: pam_unix(cron:session): session opened for user root by (uid=0)
May 15 03:17:01 mail CRON[10965]: pam_unix(cron:session): session closed for user root
May 15 03:18:01 mail CRON[10982]: pam_unix(cron:session): session opened for user amavis by (uid=0)
May 15 03:18:03 mail CRON[10982]: pam_unix(cron:session): session closed for user amavis
May 15 03:20:01 mail CRON[11004]: pam_unix(cron:session): session opened for user www-data by (uid=0)
May 15 03:20:02 mail CRON[11004]: pam_unix(cron:session): session closed for user www-data
May 15 03:30:01 mail CRON[11165]: pam_unix(cron:session): session opened for user www-data by (uid=0)
May 15 03:30:02 mail CRON[11165]: pam_unix(cron:session): session closed for user www-data
May 15 03:39:01 mail CRON[11299]: pam_unix(cron:session): session opened for user root by (uid=0)
May 15 03:39:01 mail CRON[11299]: pam_unix(cron:session): session closed for user root
May 15 03:40:01 mail CRON[11312]: pam_unix(cron:session): session opened for user www-data by (uid=0)
May 15 03:40:02 mail CRON[11312]: pam_unix(cron:session): session closed for user www-data
May 15 03:50:01 mail CRON[11465]: pam_unix(cron:session): session opened for user www-data by (uid=0)
May 15 03:50:02 mail CRON[11465]: pam_unix(cron:session): session closed for user www-data
May 15 04:00:01 mail CRON[11611]: pam_unix(cron:session): session opened for user www-data by (uid=0)
May 15 04:00:02 mail CRON[11611]: pam_unix(cron:session): session closed for user www-data
May 15 04:09:01 mail CRON[11736]: pam_unix(cron:session): session opened for user root by (uid=0)
May 15 04:09:01 mail CRON[11736]: pam_unix(cron:session): session closed for user root
May 15 04:10:01 mail CRON[11751]: pam_unix(cron:session): session opened for user www-data by (uid=0)
May 15 04:10:02 mail CRON[11751]: pam_unix(cron:session): session closed for user www-data
May 15 04:17:01 mail CRON[11882]: pam_unix(cron:session): session opened for user root by (uid=0)
May 15 04:17:01 mail CRON[11882]: pam_unix(cron:session): session closed for user root
May 15 04:20:01 mail CRON[11928]: pam_unix(cron:session): session opened for user www-data by (uid=0)
May 15 04:20:02 mail CRON[11928]: pam_unix(cron:session): session closed for user www-data
May 15 04:30:01 mail CRON[12071]: pam_unix(cron:session): session opened for user www-data by (uid=0)
May 15 04:30:02 mail CRON[12071]: pam_unix(cron:session): session closed for user www-data
May 15 04:39:01 mail CRON[12209]: pam_unix(cron:session): session opened for user root by (uid=0)
May 15 04:39:01 mail CRON[12209]: pam_unix(cron:session): session closed for user root
May 15 04:40:01 mail CRON[12224]: pam_unix(cron:session): session opened for user www-data by (uid=0)
May 15 04:40:02 mail CRON[12224]: pam_unix(cron:session): session closed for user www-data
May 15 04:50:01 mail CRON[12378]: pam_unix(cron:session): session opened for user www-data by (uid=0)
May 15 04:50:02 mail CRON[12378]: pam_unix(cron:session): session closed for user www-data
May 15 05:00:01 mail CRON[12518]: pam_unix(cron:session): session opened for user www-data by (uid=0)
May 15 05:00:02 mail CRON[12518]: pam_unix(cron:session): session closed for user www-data
May 15 05:09:01 mail CRON[12631]: pam_unix(cron:session): session opened for user root by (uid=0)
May 15 05:09:01 mail CRON[12631]: pam_unix(cron:session): session closed for user root
May 15 05:10:01 mail CRON[12646]: pam_unix(cron:session): session opened for user www-data by (uid=0)
May 15 05:10:02 mail CRON[12646]: pam_unix(cron:session): session closed for user www-data
May 15 05:17:01 mail CRON[12741]: pam_unix(cron:session): session opened for user root by (uid=0)
May 15 05:17:01 mail CRON[12741]: pam_unix(cron:session): session closed for user root
May 15 05:20:01 mail CRON[12772]: pam_unix(cron:session): session opened for user www-data by (uid=0)
May 15 05:20:02 mail CRON[12772]: pam_unix(cron:session): session closed for user www-data
May 15 05:30:01 mail CRON[12946]: pam_unix(cron:session): session opened for user www-data by (uid=0)
May 15 05:30:02 mail CRON[12946]: pam_unix(cron:session): session closed for user www-data
May 15 05:39:01 mail CRON[13061]: pam_unix(cron:session): session opened for user root by (uid=0)
May 15 05:39:01 mail CRON[13061]: pam_unix(cron:session): session closed for user root
May 15 05:40:01 mail CRON[13075]: pam_unix(cron:session): session opened for user www-data by (uid=0)
May 15 05:40:02 mail CRON[13075]: pam_unix(cron:session): session closed for user www-data
May 15 05:50:01 mail CRON[13226]: pam_unix(cron:session): session opened for user www-data by (uid=0)
May 15 05:50:02 mail CRON[13226]: pam_unix(cron:session): session closed for user www-data
May 15 06:00:01 mail CRON[13368]: pam_unix(cron:session): session opened for user www-data by (uid=0)
May 15 06:00:02 mail CRON[13368]: pam_unix(cron:session): session closed for user www-data
May 15 06:09:01 mail CRON[13500]: pam_unix(cron:session): session opened for user root by (uid=0)
May 15 06:09:01 mail CRON[13500]: pam_unix(cron:session): session closed for user root
May 15 06:10:01 mail CRON[13515]: pam_unix(cron:session): session opened for user www-data by (uid=0)
May 15 06:10:02 mail CRON[13515]: pam_unix(cron:session): session closed for user www-data
May 15 06:17:01 mail CRON[13612]: pam_unix(cron:session): session opened for user root by (uid=0)
May 15 06:17:01 mail CRON[13612]: pam_unix(cron:session): session closed for user root
May 15 06:18:01 mail CRON[13623]: pam_unix(cron:session): session opened for user amavis by (uid=0)
May 15 06:18:03 mail CRON[13623]: pam_unix(cron:session): session closed for user amavis
May 15 06:20:01 mail CRON[13645]: pam_unix(cron:session): session opened for user www-data by (uid=0)
May 15 06:20:02 mail CRON[13645]: pam_unix(cron:session): session closed for user www-data
May 15 06:25:01 mail CRON[13735]: pam_unix(cron:session): session opened for user root by (uid=0)
May 15 06:25:05 mail su[13944]: Successful su for amavis by root
May 15 06:25:05 mail su[13944]: + ??? root:amavis
May 15 06:25:05 mail su[13944]: pam_unix(su:session): session opened for user amavis by (uid=0)
May 15 06:25:10 mail su[13944]: pam_unix(su:session): session closed for user amavis
May 15 06:30:01 mail CRON[14042]: pam_unix(cron:session): session opened for user www-data by (uid=0)
May 15 06:30:02 mail CRON[14042]: pam_unix(cron:session): session closed for user www-data
May 15 06:32:48 mail CRON[13735]: pam_unix(cron:session): session closed for user root
May 15 06:39:01 mail CRON[14360]: pam_unix(cron:session): session opened for user root by (uid=0)
May 15 06:39:01 mail CRON[14360]: pam_unix(cron:session): session closed for user root
May 15 06:40:01 mail CRON[14387]: pam_unix(cron:session): session opened for user www-data by (uid=0)
May 15 06:40:02 mail CRON[14387]: pam_unix(cron:session): session closed for user www-data
May 15 06:50:01 mail CRON[14547]: pam_unix(cron:session): session opened for user www-data by (uid=0)
May 15 06:50:01 mail CRON[14547]: pam_unix(cron:session): session closed for user www-data
May 15 07:00:01 mail CRON[14717]: pam_unix(cron:session): session opened for user www-data by (uid=0)
May 15 07:00:02 mail CRON[14717]: pam_unix(cron:session): session closed for user www-data
May 15 07:09:01 mail CRON[14895]: pam_unix(cron:session): session opened for user root by (uid=0)
May 15 07:09:01 mail CRON[14895]: pam_unix(cron:session): session closed for user root
May 15 07:10:01 mail CRON[14910]: pam_unix(cron:session): session opened for user www-data by (uid=0)
May 15 07:10:02 mail CRON[14910]: pam_unix(cron:session): session closed for user www-data
May 15 07:17:01 mail CRON[15076]: pam_unix(cron:session): session opened for user root by (uid=0)
May 15 07:17:01 mail CRON[15076]: pam_unix(cron:session): session closed for user root
May 15 07:20:01 mail CRON[15124]: pam_unix(cron:session): session opened for user www-data by (uid=0)
May 15 07:20:02 mail CRON[15124]: pam_unix(cron:session): session closed for user www-data
May 15 07:30:01 mail CRON[15279]: pam_unix(cron:session): session opened for user www-data by (uid=0)
May 15 07:30:02 mail CRON[15279]: pam_unix(cron:session): session closed for user www-data
May 15 07:39:01 mail CRON[15457]: pam_unix(cron:session): session opened for user root by (uid=0)
May 15 07:39:01 mail CRON[15457]: pam_unix(cron:session): session closed for user root
May 15 07:40:01 mail CRON[15480]: pam_unix(cron:session): session opened for user www-data by (uid=0)
May 15 07:40:02 mail CRON[15480]: pam_unix(cron:session): session closed for user www-data
May 15 07:50:01 mail CRON[15630]: pam_unix(cron:session): session opened for user www-data by (uid=0)
May 15 07:50:02 mail CRON[15630]: pam_unix(cron:session): session closed for user www-data
May 15 08:00:01 mail CRON[15867]: pam_unix(cron:session): session opened for user www-data by (uid=0)
May 15 08:00:02 mail CRON[15867]: pam_unix(cron:session): session closed for user www-data
May 15 08:09:01 mail CRON[16120]: pam_unix(cron:session): session opened for user root by (uid=0)
May 15 08:09:01 mail CRON[16120]: pam_unix(cron:session): session closed for user root
May 15 08:10:01 mail CRON[16151]: pam_unix(cron:session): session opened for user www-data by (uid=0)
May 15 08:10:02 mail CRON[16151]: pam_unix(cron:session): session closed for user www-data
May 15 08:17:01 mail CRON[16376]: pam_unix(cron:session): session opened for user root by (uid=0)
May 15 08:17:01 mail CRON[16376]: pam_unix(cron:session): session closed for user root
May 15 08:20:01 mail CRON[16513]: pam_unix(cron:session): session opened for user www-data by (uid=0)
May 15 08:20:02 mail CRON[16513]: pam_unix(cron:session): session closed for user www-data
May 15 08:30:01 mail CRON[17035]: pam_unix(cron:session): session opened for user www-data by (uid=0)
May 15 08:30:02 mail CRON[17035]: pam_unix(cron:session): session closed for user www-data
May 15 08:39:01 mail CRON[17417]: pam_unix(cron:session): session opened for user root by (uid=0)
May 15 08:39:01 mail CRON[17417]: pam_unix(cron:session): session closed for user root
May 15 08:40:01 mail CRON[17465]: pam_unix(cron:session): session opened for user www-data by (uid=0)
May 15 08:40:02 mail CRON[17465]: pam_unix(cron:session): session closed for user www-data
May 15 08:50:01 mail CRON[18024]: pam_unix(cron:session): session opened for user www-data by (uid=0)
May 15 08:50:02 mail CRON[18024]: pam_unix(cron:session): session closed for user www-data
May 15 09:00:01 mail CRON[18566]: pam_unix(cron:session): session opened for user www-data by (uid=0)
May 15 09:00:02 mail CRON[18566]: pam_unix(cron:session): session closed for user www-data
May 15 09:09:01 mail CRON[19048]: pam_unix(cron:session): session opened for user root by (uid=0)
May 15 09:09:01 mail CRON[19048]: pam_unix(cron:session): session closed for user root
May 15 09:10:01 mail CRON[19090]: pam_unix(cron:session): session opened for user www-data by (uid=0)
May 15 09:10:02 mail CRON[19090]: pam_unix(cron:session): session closed for user www-data
May 15 09:17:01 mail CRON[19536]: pam_unix(cron:session): session opened for user root by (uid=0)
May 15 09:17:01 mail CRON[19536]: pam_unix(cron:session): session closed for user root
May 15 09:18:01 mail CRON[19569]: pam_unix(cron:session): session opened for user amavis by (uid=0)
May 15 09:18:02 mail CRON[19569]: pam_unix(cron:session): session closed for user amavis
May 15 09:20:01 mail CRON[19674]: pam_unix(cron:session): session opened for user www-data by (uid=0)
May 15 09:20:03 mail CRON[19674]: pam_unix(cron:session): session closed for user www-data
May 15 09:30:01 mail CRON[20268]: pam_unix(cron:session): session opened for user www-data by (uid=0)
May 15 09:30:02 mail CRON[20268]: pam_unix(cron:session): session closed for user www-data
May 15 09:39:01 mail CRON[20699]: pam_unix(cron:session): session opened for user root by (uid=0)
May 15 09:39:01 mail CRON[20699]: pam_unix(cron:session): session closed for user root
May 15 09:40:01 mail CRON[20738]: pam_unix(cron:session): session opened for user www-data by (uid=0)
May 15 09:40:02 mail CRON[20738]: pam_unix(cron:session): session closed for user www-data
May 15 09:50:01 mail CRON[21379]: pam_unix(cron:session): session opened for user www-data by (uid=0)
May 15 09:50:03 mail CRON[21379]: pam_unix(cron:session): session closed for user www-data
May 15 10:00:01 mail CRON[22033]: pam_unix(cron:session): session opened for user www-data by (uid=0)
May 15 10:00:02 mail CRON[22033]: pam_unix(cron:session): session closed for user www-data
May 15 10:09:01 mail CRON[22739]: pam_unix(cron:session): session opened for user root by (uid=0)
May 15 10:09:01 mail CRON[22739]: pam_unix(cron:session): session closed for user root
May 15 10:10:01 mail CRON[22780]: pam_unix(cron:session): session opened for user www-data by (uid=0)
May 15 10:10:02 mail CRON[22780]: pam_unix(cron:session): session closed for user www-data
May 15 10:17:01 mail CRON[23171]: pam_unix(cron:session): session opened for user root by (uid=0)
May 15 10:17:01 mail CRON[23171]: pam_unix(cron:session): session closed for user root
May 15 10:20:01 mail CRON[23301]: pam_unix(cron:session): session opened for user www-data by (uid=0)
May 15 10:20:03 mail CRON[23301]: pam_unix(cron:session): session closed for user www-data
May 15 10:30:01 mail CRON[23894]: pam_unix(cron:session): session opened for user www-data by (uid=0)
May 15 10:30:02 mail CRON[23894]: pam_unix(cron:session): session closed for user www-data
May 15 10:39:01 mail CRON[24372]: pam_unix(cron:session): session opened for user root by (uid=0)
May 15 10:39:01 mail CRON[24372]: pam_unix(cron:session): session closed for user root
May 15 10:40:01 mail CRON[24441]: pam_unix(cron:session): session opened for user www-data by (uid=0)
May 15 10:40:02 mail CRON[24441]: pam_unix(cron:session): session closed for user www-data
May 15 10:50:01 mail CRON[24940]: pam_unix(cron:session): session opened for user www-data by (uid=0)
May 15 10:50:03 mail CRON[24940]: pam_unix(cron:session): session closed for user www-data
May 15 11:00:01 mail CRON[25596]: pam_unix(cron:session): session opened for user www-data by (uid=0)
May 15 11:00:03 mail CRON[25596]: pam_unix(cron:session): session closed for user www-data
May 15 11:09:01 mail CRON[26040]: pam_unix(cron:session): session opened for user root by (uid=0)
May 15 11:09:01 mail CRON[26040]: pam_unix(cron:session): session closed for user root
May 15 11:10:01 mail CRON[26113]: pam_unix(cron:session): session opened for user www-data by (uid=0)
May 15 11:10:03 mail CRON[26113]: pam_unix(cron:session): session closed for user www-data
May 15 11:17:01 mail CRON[26500]: pam_unix(cron:session): session opened for user root by (uid=0)
May 15 11:17:01 mail CRON[26500]: pam_unix(cron:session): session closed for user root
May 15 11:20:01 mail CRON[26699]: pam_unix(cron:session): session opened for user www-data by (uid=0)
May 15 11:20:02 mail CRON[26699]: pam_unix(cron:session): session closed for user www-data
May 15 11:30:01 mail CRON[27252]: pam_unix(cron:session): session opened for user www-data by (uid=0)
May 15 11:30:02 mail CRON[27252]: pam_unix(cron:session): session closed for user www-data
May 15 11:39:01 mail CRON[27772]: pam_unix(cron:session): session opened for user root by (uid=0)
May 15 11:39:01 mail CRON[27772]: pam_unix(cron:session): session closed for user root
May 15 11:40:01 mail CRON[27825]: pam_unix(cron:session): session opened for user www-data by (uid=0)
May 15 11:40:03 mail CRON[27825]: pam_unix(cron:session): session closed for user www-data
May 15 11:50:01 mail CRON[28347]: pam_unix(cron:session): session opened for user www-data by (uid=0)
May 15 11:50:03 mail CRON[28347]: pam_unix(cron:session): session closed for user www-data
May 15 12:00:01 mail CRON[28901]: pam_unix(cron:session): session opened for user www-data by (uid=0)
May 15 12:00:02 mail CRON[28901]: pam_unix(cron:session): session closed for user www-data
May 15 12:09:01 mail CRON[29372]: pam_unix(cron:session): session opened for user root by (uid=0)
May 15 12:09:01 mail CRON[29372]: pam_unix(cron:session): session closed for user root
May 15 12:10:01 mail CRON[29410]: pam_unix(cron:session): session opened for user www-data by (uid=0)
May 15 12:10:03 mail CRON[29410]: pam_unix(cron:session): session closed for user www-data
May 15 12:17:01 mail CRON[29835]: pam_unix(cron:session): session opened for user root by (uid=0)
May 15 12:17:01 mail CRON[29835]: pam_unix(cron:session): session closed for user root
May 15 12:18:01 mail CRON[29868]: pam_unix(cron:session): session opened for user amavis by (uid=0)
May 15 12:18:02 mail CRON[29868]: pam_unix(cron:session): session closed for user amavis
May 15 12:20:01 mail CRON[29933]: pam_unix(cron:session): session opened for user www-data by (uid=0)
May 15 12:20:03 mail CRON[29933]: pam_unix(cron:session): session closed for user www-data
May 15 12:30:01 mail CRON[30366]: pam_unix(cron:session): session opened for user www-data by (uid=0)
May 15 12:30:02 mail CRON[30366]: pam_unix(cron:session): session closed for user www-data
May 15 12:39:01 mail CRON[30789]: pam_unix(cron:session): session opened for user root by (uid=0)
May 15 12:39:01 mail CRON[30789]: pam_unix(cron:session): session closed for user root
May 15 12:40:01 mail CRON[30833]: pam_unix(cron:session): session opened for user www-data by (uid=0)
May 15 12:40:03 mail CRON[30833]: pam_unix(cron:session): session closed for user www-data
May 15 12:50:01 mail CRON[31274]: pam_unix(cron:session): session opened for user www-data by (uid=0)
May 15 12:50:02 mail CRON[31274]: pam_unix(cron:session): session closed for user www-data
May 15 13:00:01 mail CRON[31683]: pam_unix(cron:session): session opened for user www-data by (uid=0)
May 15 13:00:03 mail CRON[31683]: pam_unix(cron:session): session closed for user www-data
May 15 13:09:01 mail CRON[32184]: pam_unix(cron:session): session opened for user root by (uid=0)
May 15 13:09:01 mail CRON[32184]: pam_unix(cron:session): session closed for user root
May 15 13:10:01 mail CRON[32246]: pam_unix(cron:session): session opened for user www-data by (uid=0)
May 15 13:10:02 mail CRON[32246]: pam_unix(cron:session): session closed for user www-data
May 15 13:17:01 mail CRON[32612]: pam_unix(cron:session): session opened for user root by (uid=0)
May 15 13:17:01 mail CRON[32612]: pam_unix(cron:session): session closed for user root
May 15 13:20:01 mail CRON[32755]: pam_unix(cron:session): session opened for user www-data by (uid=0)
May 15 13:20:03 mail CRON[32755]: pam_unix(cron:session): session closed for user www-data
May 15 13:30:01 mail CRON[887]: pam_unix(cron:session): session opened for user www-data by (uid=0)
May 15 13:30:02 mail CRON[887]: pam_unix(cron:session): session closed for user www-data
May 15 13:39:01 mail CRON[1452]: pam_unix(cron:session): session opened for user root by (uid=0)
May 15 13:39:01 mail CRON[1452]: pam_unix(cron:session): session closed for user root
May 15 13:40:01 mail CRON[1496]: pam_unix(cron:session): session opened for user www-data by (uid=0)
May 15 13:40:02 mail CRON[1496]: pam_unix(cron:session): session closed for user www-data
May 15 13:50:01 mail CRON[2038]: pam_unix(cron:session): session opened for user www-data by (uid=0)
May 15 13:50:03 mail CRON[2038]: pam_unix(cron:session): session closed for user www-data
May 15 14:00:01 mail CRON[2560]: pam_unix(cron:session): session opened for user www-data by (uid=0)
May 15 14:00:03 mail CRON[2560]: pam_unix(cron:session): session closed for user www-data
May 15 14:09:01 mail CRON[3056]: pam_unix(cron:session): session opened for user root by (uid=0)
May 15 14:09:01 mail CRON[3056]: pam_unix(cron:session): session closed for user root
May 15 14:10:01 mail CRON[3099]: pam_unix(cron:session): session opened for user www-data by (uid=0)
May 15 14:10:02 mail CRON[3099]: pam_unix(cron:session): session closed for user www-data
May 15 14:17:01 mail CRON[3484]: pam_unix(cron:session): session opened for user root by (uid=0)
May 15 14:17:01 mail CRON[3484]: pam_unix(cron:session): session closed for user root
May 15 14:20:01 mail CRON[3637]: pam_unix(cron:session): session opened for user www-data by (uid=0)
May 15 14:20:03 mail CRON[3637]: pam_unix(cron:session): session closed for user www-data
May 15 14:30:01 mail CRON[4163]: pam_unix(cron:session): session opened for user www-data by (uid=0)
May 15 14:30:02 mail CRON[4163]: pam_unix(cron:session): session closed for user www-data
May 15 14:39:01 mail CRON[4584]: pam_unix(cron:session): session opened for user root by (uid=0)
May 15 14:39:01 mail CRON[4584]: pam_unix(cron:session): session closed for user root
May 15 14:40:01 mail CRON[4644]: pam_unix(cron:session): session opened for user www-data by (uid=0)
May 15 14:40:03 mail CRON[4644]: pam_unix(cron:session): session closed for user www-data
May 15 14:50:01 mail CRON[5167]: pam_unix(cron:session): session opened for user www-data by (uid=0)
May 15 14:50:02 mail CRON[5167]: pam_unix(cron:session): session closed for user www-data
May 15 15:00:01 mail CRON[5662]: pam_unix(cron:session): session opened for user www-data by (uid=0)
May 15 15:00:03 mail CRON[5662]: pam_unix(cron:session): session closed for user www-data
May 15 15:08:05 mail sshd[6129]: Accepted password for root from 10.68.0.232 port 49203 ssh2
May 15 15:08:05 mail sshd[6129]: pam_unix(sshd:session): session opened for user root by (uid=0)
May 15 15:08:08 mail sshd[6129]: subsystem request for sftp by user root
May 15 15:09:01 mail CRON[6350]: pam_unix(cron:session): session opened for user root by (uid=0)
May 15 15:09:01 mail CRON[6350]: pam_unix(cron:session): session closed for user root
May 15 15:09:11 mail sshd[6129]: pam_unix(sshd:session): session closed for user root
May 15 15:09:20 mail sshd[6371]: Accepted password for root from 10.68.0.232 port 49205 ssh2
May 15 15:09:20 mail sshd[6371]: pam_unix(sshd:session): session opened for user root by (uid=0)
May 15 15:09:20 mail sshd[6371]: subsystem request for sftp by user root
May 15 15:09:50 mail sshd[6371]: pam_unix(sshd:session): session closed for user root
May 15 15:09:53 mail sshd[6526]: Accepted password for root from 10.68.0.232 port 49206 ssh2
May 15 15:09:53 mail sshd[6526]: pam_unix(sshd:session): session opened for user root by (uid=0)
May 15 15:09:54 mail sshd[6526]: subsystem request for sftp by user root
May 15 15:10:00 mail sshd[6526]: pam_unix(sshd:session): session closed for user root
May 15 15:10:01 mail CRON[6668]: pam_unix(cron:session): session opened for user www-data by (uid=0)
May 15 15:10:02 mail CRON[6668]: pam_unix(cron:session): session closed for user www-data
May 15 15:10:08 mail sshd[6683]: Accepted password for root from 10.68.0.232 port 49207 ssh2
May 15 15:10:08 mail sshd[6683]: pam_unix(sshd:session): session opened for user root by (uid=0)
May 15 15:10:09 mail sshd[6683]: subsystem request for sftp by user root
May 15 15:10:19 mail sshd[6683]: pam_unix(sshd:session): session closed for user root
May 15 15:10:22 mail sshd[6826]: Accepted password for root from 10.68.0.232 port 49208 ssh2
May 15 15:10:22 mail sshd[6826]: pam_unix(sshd:session): session opened for user root by (uid=0)
May 15 15:10:22 mail sshd[6826]: subsystem request for sftp by user root
May 15 15:10:22 mail sshd[6826]: pam_unix(sshd:session): session closed for user root
May 15 15:10:29 mail sshd[6962]: Accepted password for root from 10.68.0.232 port 49209 ssh2
May 15 15:10:29 mail sshd[6962]: pam_unix(sshd:session): session opened for user root by (uid=0)
May 15 15:10:30 mail sshd[6962]: subsystem request for sftp by user root
May 15 15:10:40 mail sshd[6962]: pam_unix(sshd:session): session closed for user root
May 15 15:10:57 mail sshd[7134]: Accepted password for root from 10.68.0.232 port 49210 ssh2
May 15 15:10:57 mail sshd[7134]: pam_unix(sshd:session): session opened for user root by (uid=0)
May 15 15:10:57 mail sshd[7134]: subsystem request for sftp by user root
May 15 15:11:45 mail sshd[7134]: pam_unix(sshd:session): session closed for user root
May 15 15:11:53 mail sshd[7312]: Accepted password for root from 10.68.0.232 port 49211 ssh2
May 15 15:11:53 mail sshd[7312]: pam_unix(sshd:session): session opened for user root by (uid=0)
May 15 15:11:55 mail sshd[7312]: subsystem request for sftp by user root
May 15 15:12:13 mail sshd[7312]: fatal: Write failed: Connection reset by peer
May 15 15:12:13 mail sshd[7312]: pam_unix(sshd:session): session closed for user root
May 15 15:12:20 mail sshd[7469]: Accepted password for root from 10.68.0.232 port 49212 ssh2
May 15 15:12:20 mail sshd[7469]: pam_unix(sshd:session): session opened for user root by (uid=0)
May 15 15:12:23 mail sshd[7469]: subsystem request for sftp by user root
May 15 15:12:44 mail sshd[7469]: pam_unix(sshd:session): session closed for user root
May 15 15:12:59 mail sshd[7622]: Accepted password for root from 10.68.0.232 port 49213 ssh2
May 15 15:12:59 mail sshd[7622]: pam_unix(sshd:session): session opened for user root by (uid=0)
May 15 15:13:02 mail sshd[7622]: subsystem request for sftp by user root
May 15 15:13:36 mail sshd[7622]: pam_unix(sshd:session): session closed for user root
May 15 15:17:01 mail CRON[7995]: pam_unix(cron:session): session opened for user root by (uid=0)
May 15 15:17:01 mail CRON[7995]: pam_unix(cron:session): session closed for user root
May 15 15:18:01 mail CRON[8035]: pam_unix(cron:session): session opened for user amavis by (uid=0)
May 15 15:18:03 mail CRON[8035]: pam_unix(cron:session): session closed for user amavis
May 15 15:18:37 mail sshd[8090]: Accepted password for root from 10.68.0.53 port 31952 ssh2
May 15 15:18:37 mail sshd[8090]: pam_unix(sshd:session): session opened for user root by (uid=0)
May 15 15:18:37 mail sshd[8090]: subsystem request for sftp by user root
